2020-02-25 18:57:13,244 INFO org.apache.hadoop.hdfs.server.namenode.SecondaryNameNode: STARTUP_MSG: 
/************************************************************
STARTUP_MSG: Starting SecondaryNameNode
STARTUP_MSG:   host = master/192.168.0.1
STARTUP_MSG:   args = []
STARTUP_MSG:   version = 2.7.7
STARTUP_MSG:   classpath = /home/user/hadoop-2.7.7/etc/hadoop:/home/user/hadoop-2.7.7/share/hadoop/common/lib/curator-client-2.7.1.jar:/home/user/hadoop-2.7.7/share/hadoop/common/lib/jets3t-0.9.0.jar:/home/user/hadoop-2.7.7/share/hadoop/common/lib/httpclient-4.2.5.jar:/home/user/hadoop-2.7.7/share/hadoop/common/lib/curator-framework-2.7.1.jar:/home/user/hadoop-2.7.7/share/hadoop/common/lib/jaxb-impl-2.2.3-1.jar:/home/user/hadoop-2.7.7/share/hadoop/common/lib/apacheds-kerberos-codec-2.0.0-M15.jar:/home/user/hadoop-2.7.7/share/hadoop/common/lib/zookeeper-3.4.6.jar:/home/user/hadoop-2.7.7/share/hadoop/common/lib/netty-3.6.2.Final.jar:/home/user/hadoop-2.7.7/share/hadoop/common/lib/jaxb-api-2.2.2.jar:/home/user/hadoop-2.7.7/share/hadoop/common/lib/commons-cli-1.2.jar:/home/user/hadoop-2.7.7/share/hadoop/common/lib/xmlenc-0.52.jar:/home/user/hadoop-2.7.7/share/hadoop/common/lib/xz-1.0.jar:/home/user/hadoop-2.7.7/share/hadoop/common/lib/hadoop-annotations-2.7.7.jar:/home/user/hadoop-2.7.7/share/hadoop/common/lib/jackson-mapper-asl-1.9.13.jar:/home/user/hadoop-2.7.7/share/hadoop/common/lib/asm-3.2.jar:/home/user/hadoop-2.7.7/share/hadoop/common/lib/commons-io-2.4.jar:/home/user/hadoop-2.7.7/share/hadoop/common/lib/stax-api-1.0-2.jar:/home/user/hadoop-2.7.7/share/hadoop/common/lib/jettison-1.1.jar:/home/user/hadoop-2.7.7/share/hadoop/common/lib/commons-digester-1.8.jar:/home/user/hadoop-2.7.7/share/hadoop/common/lib/commons-beanutils-core-1.8.0.jar:/home/user/hadoop-2.7.7/share/hadoop/common/lib/servlet-api-2.5.jar:/home/user/hadoop-2.7.7/share/hadoop/common/lib/jetty-sslengine-6.1.26.jar:/home/user/hadoop-2.7.7/share/hadoop/common/lib/avro-1.7.4.jar:/home/user/hadoop-2.7.7/share/hadoop/common/lib/jsp-api-2.1.jar:/home/user/hadoop-2.7.7/share/hadoop/common/lib/commons-compress-1.4.1.jar:/home/user/hadoop-2.7.7/share/hadoop/common/lib/snappy-java-1.0.4.1.jar:/home/user/hadoop-2.7.7/share/hadoop/common/lib/commons-configuration-1.6.jar:/home/user/hadoop-2.7.7/share/hadoop/common/lib/slf4j-api-1.7.10.jar:/home/user/hadoop-2.7.7/share/hadoop/common/lib/junit-4.11.jar:/home/user/hadoop-2.7.7/share/hadoop/common/lib/jersey-core-1.9.jar:/home/user/hadoop-2.7.7/share/hadoop/common/lib/httpcore-4.2.5.jar:/home/user/hadoop-2.7.7/share/hadoop/common/lib/api-asn1-api-1.0.0-M20.jar:/home/user/hadoop-2.7.7/share/hadoop/common/lib/jackson-jaxrs-1.9.13.jar:/home/user/hadoop-2.7.7/share/hadoop/common/lib/jackson-xc-1.9.13.jar:/home/user/hadoop-2.7.7/share/hadoop/common/lib/jetty-util-6.1.26.jar:/home/user/hadoop-2.7.7/share/hadoop/common/lib/apacheds-i18n-2.0.0-M15.jar:/home/user/hadoop-2.7.7/share/hadoop/common/lib/jsr305-3.0.0.jar:/home/user/hadoop-2.7.7/share/hadoop/common/lib/jersey-server-1.9.jar:/home/user/hadoop-2.7.7/share/hadoop/common/lib/paranamer-2.3.jar:/home/user/hadoop-2.7.7/share/hadoop/common/lib/commons-net-3.1.jar:/home/user/hadoop-2.7.7/share/hadoop/common/lib/guava-11.0.2.jar:/home/user/hadoop-2.7.7/share/hadoop/common/lib/commons-collections-3.2.2.jar:/home/user/hadoop-2.7.7/share/hadoop/common/lib/log4j-1.2.17.jar:/home/user/hadoop-2.7.7/share/hadoop/common/lib/mockito-all-1.8.5.jar:/home/user/hadoop-2.7.7/share/hadoop/common/lib/jersey-json-1.9.jar:/home/user/hadoop-2.7.7/share/hadoop/common/lib/protobuf-java-2.5.0.jar:/home/user/hadoop-2.7.7/share/hadoop/common/lib/api-util-1.0.0-M20.jar:/home/user/hadoop-2.7.7/share/hadoop/common/lib/commons-codec-1.4.jar:/home/user/hadoop-2.7.7/share/hadoop/common/lib/jsch-0.1.54.jar:/home/user/hadoop-2.7.7/share/hadoop/common/lib/commons-httpclient-3.1.jar:/home/user/hadoop-2.7.7/share/hadoop/common/lib/jetty-6.1.26.jar:/home/user/hadoop-2.7.7/share/hadoop/common/lib/commons-lang-2.6.jar:/home/user/hadoop-2.7.7/share/hadoop/common/lib/slf4j-log4j12-1.7.10.jar:/home/user/hadoop-2.7.7/share/hadoop/common/lib/hadoop-auth-2.7.7.jar:/home/user/hadoop-2.7.7/share/hadoop/common/lib/java-xmlbuilder-0.4.jar:/home/user/hadoop-2.7.7/share/hadoop/common/lib/curator-recipes-2.7.1.jar:/home/user/hadoop-2.7.7/share/hadoop/common/lib/htrace-core-3.1.0-incubating.jar:/home/user/hadoop-2.7.7/share/hadoop/common/lib/hamcrest-core-1.3.jar:/home/user/hadoop-2.7.7/share/hadoop/common/lib/commons-beanutils-1.7.0.jar:/home/user/hadoop-2.7.7/share/hadoop/common/lib/commons-logging-1.1.3.jar:/home/user/hadoop-2.7.7/share/hadoop/common/lib/gson-2.2.4.jar:/home/user/hadoop-2.7.7/share/hadoop/common/lib/commons-math3-3.1.1.jar:/home/user/hadoop-2.7.7/share/hadoop/common/lib/jackson-core-asl-1.9.13.jar:/home/user/hadoop-2.7.7/share/hadoop/common/lib/activation-1.1.jar:/home/user/hadoop-2.7.7/share/hadoop/common/hadoop-common-2.7.7.jar:/home/user/hadoop-2.7.7/share/hadoop/common/hadoop-nfs-2.7.7.jar:/home/user/hadoop-2.7.7/share/hadoop/common/hadoop-common-2.7.7-tests.jar:/home/user/hadoop-2.7.7/share/hadoop/hdfs:/home/user/hadoop-2.7.7/share/hadoop/hdfs/lib/netty-3.6.2.Final.jar:/home/user/hadoop-2.7.7/share/hadoop/hdfs/lib/netty-all-4.0.23.Final.jar:/home/user/hadoop-2.7.7/share/hadoop/hdfs/lib/commons-cli-1.2.jar:/home/user/hadoop-2.7.7/share/hadoop/hdfs/lib/xmlenc-0.52.jar:/home/user/hadoop-2.7.7/share/hadoop/hdfs/lib/jackson-mapper-asl-1.9.13.jar:/home/user/hadoop-2.7.7/share/hadoop/hdfs/lib/asm-3.2.jar:/home/user/hadoop-2.7.7/share/hadoop/hdfs/lib/commons-io-2.4.jar:/home/user/hadoop-2.7.7/share/hadoop/hdfs/lib/servlet-api-2.5.jar:/home/user/hadoop-2.7.7/share/hadoop/hdfs/lib/jersey-core-1.9.jar:/home/user/hadoop-2.7.7/share/hadoop/hdfs/lib/jetty-util-6.1.26.jar:/home/user/hadoop-2.7.7/share/hadoop/hdfs/lib/xercesImpl-2.9.1.jar:/home/user/hadoop-2.7.7/share/hadoop/hdfs/lib/jsr305-3.0.0.jar:/home/user/hadoop-2.7.7/share/hadoop/hdfs/lib/jersey-server-1.9.jar:/home/user/hadoop-2.7.7/share/hadoop/hdfs/lib/guava-11.0.2.jar:/home/user/hadoop-2.7.7/share/hadoop/hdfs/lib/log4j-1.2.17.jar:/home/user/hadoop-2.7.7/share/hadoop/hdfs/lib/protobuf-java-2.5.0.jar:/home/user/hadoop-2.7.7/share/hadoop/hdfs/lib/commons-codec-1.4.jar:/home/user/hadoop-2.7.7/share/hadoop/hdfs/lib/commons-daemon-1.0.13.jar:/home/user/hadoop-2.7.7/share/hadoop/hdfs/lib/jetty-6.1.26.jar:/home/user/hadoop-2.7.7/share/hadoop/hdfs/lib/commons-lang-2.6.jar:/home/user/hadoop-2.7.7/share/hadoop/hdfs/lib/xml-apis-1.3.04.jar:/home/user/hadoop-2.7.7/share/hadoop/hdfs/lib/htrace-core-3.1.0-incubating.jar:/home/user/hadoop-2.7.7/share/hadoop/hdfs/lib/leveldbjni-all-1.8.jar:/home/user/hadoop-2.7.7/share/hadoop/hdfs/lib/commons-logging-1.1.3.jar:/home/user/hadoop-2.7.7/share/hadoop/hdfs/lib/jackson-core-asl-1.9.13.jar:/home/user/hadoop-2.7.7/share/hadoop/hdfs/hadoop-hdfs-2.7.7.jar:/home/user/hadoop-2.7.7/share/hadoop/hdfs/hadoop-hdfs-nfs-2.7.7.jar:/home/user/hadoop-2.7.7/share/hadoop/hdfs/hadoop-hdfs-2.7.7-tests.jar:/home/user/hadoop-2.7.7/share/hadoop/yarn/lib/aopalliance-1.0.jar:/home/user/hadoop-2.7.7/share/hadoop/yarn/lib/jaxb-impl-2.2.3-1.jar:/home/user/hadoop-2.7.7/share/hadoop/yarn/lib/jersey-guice-1.9.jar:/home/user/hadoop-2.7.7/share/hadoop/yarn/lib/zookeeper-3.4.6.jar:/home/user/hadoop-2.7.7/share/hadoop/yarn/lib/netty-3.6.2.Final.jar:/home/user/hadoop-2.7.7/share/hadoop/yarn/lib/jaxb-api-2.2.2.jar:/home/user/hadoop-2.7.7/share/hadoop/yarn/lib/commons-cli-1.2.jar:/home/user/hadoop-2.7.7/share/hadoop/yarn/lib/xz-1.0.jar:/home/user/hadoop-2.7.7/share/hadoop/yarn/lib/jersey-client-1.9.jar:/home/user/hadoop-2.7.7/share/hadoop/yarn/lib/jackson-mapper-asl-1.9.13.jar:/home/user/hadoop-2.7.7/share/hadoop/yarn/lib/asm-3.2.jar:/home/user/hadoop-2.7.7/share/hadoop/yarn/lib/commons-io-2.4.jar:/home/user/hadoop-2.7.7/share/hadoop/yarn/lib/javax.inject-1.jar:/home/user/hadoop-2.7.7/share/hadoop/yarn/lib/stax-api-1.0-2.jar:/home/user/hadoop-2.7.7/share/hadoop/yarn/lib/jettison-1.1.jar:/home/user/hadoop-2.7.7/share/hadoop/yarn/lib/servlet-api-2.5.jar:/home/user/hadoop-2.7.7/share/hadoop/yarn/lib/commons-compress-1.4.1.jar:/home/user/hadoop-2.7.7/share/hadoop/yarn/lib/jersey-core-1.9.jar:/home/user/hadoop-2.7.7/share/hadoop/yarn/lib/jackson-jaxrs-1.9.13.jar:/home/user/hadoop-2.7.7/share/hadoop/yarn/lib/jackson-xc-1.9.13.jar:/home/user/hadoop-2.7.7/share/hadoop/yarn/lib/jetty-util-6.1.26.jar:/home/user/hadoop-2.7.7/share/hadoop/yarn/lib/jsr305-3.0.0.jar:/home/user/hadoop-2.7.7/share/hadoop/yarn/lib/jersey-server-1.9.jar:/home/user/hadoop-2.7.7/share/hadoop/yarn/lib/guava-11.0.2.jar:/home/user/hadoop-2.7.7/share/hadoop/yarn/lib/commons-collections-3.2.2.jar:/home/user/hadoop-2.7.7/share/hadoop/yarn/lib/log4j-1.2.17.jar:/home/user/hadoop-2.7.7/share/hadoop/yarn/lib/jersey-json-1.9.jar:/home/user/hadoop-2.7.7/share/hadoop/yarn/lib/protobuf-java-2.5.0.jar:/home/user/hadoop-2.7.7/share/hadoop/yarn/lib/commons-codec-1.4.jar:/home/user/hadoop-2.7.7/share/hadoop/yarn/lib/guice-3.0.jar:/home/user/hadoop-2.7.7/share/hadoop/yarn/lib/zookeeper-3.4.6-tests.jar:/home/user/hadoop-2.7.7/share/hadoop/yarn/lib/jetty-6.1.26.jar:/home/user/hadoop-2.7.7/share/hadoop/yarn/lib/commons-lang-2.6.jar:/home/user/hadoop-2.7.7/share/hadoop/yarn/lib/guice-servlet-3.0.jar:/home/user/hadoop-2.7.7/share/hadoop/yarn/lib/leveldbjni-all-1.8.jar:/home/user/hadoop-2.7.7/share/hadoop/yarn/lib/commons-logging-1.1.3.jar:/home/user/hadoop-2.7.7/share/hadoop/yarn/lib/jackson-core-asl-1.9.13.jar:/home/user/hadoop-2.7.7/share/hadoop/yarn/lib/activation-1.1.jar:/home/user/hadoop-2.7.7/share/hadoop/yarn/hadoop-yarn-applications-unmanaged-am-launcher-2.7.7.jar:/home/user/hadoop-2.7.7/share/hadoop/yarn/hadoop-yarn-server-common-2.7.7.jar:/home/user/hadoop-2.7.7/share/hadoop/yarn/hadoop-yarn-applications-distributedshell-2.7.7.jar:/home/user/hadoop-2.7.7/share/hadoop/yarn/hadoop-yarn-api-2.7.7.jar:/home/user/hadoop-2.7.7/share/hadoop/yarn/hadoop-yarn-registry-2.7.7.jar:/home/user/hadoop-2.7.7/share/hadoop/yarn/hadoop-yarn-server-resourcemanager-2.7.7.jar:/home/user/hadoop-2.7.7/share/hadoop/yarn/hadoop-yarn-client-2.7.7.jar:/home/user/hadoop-2.7.7/share/hadoop/yarn/hadoop-yarn-server-tests-2.7.7.jar:/home/user/hadoop-2.7.7/share/hadoop/yarn/hadoop-yarn-server-applicationhistoryservice-2.7.7.jar:/home/user/hadoop-2.7.7/share/hadoop/yarn/hadoop-yarn-server-web-proxy-2.7.7.jar:/home/user/hadoop-2.7.7/share/hadoop/yarn/hadoop-yarn-common-2.7.7.jar:/home/user/hadoop-2.7.7/share/hadoop/yarn/hadoop-yarn-server-nodemanager-2.7.7.jar:/home/user/hadoop-2.7.7/share/hadoop/yarn/hadoop-yarn-server-sharedcachemanager-2.7.7.jar:/home/user/hadoop-2.7.7/share/hadoop/mapreduce/lib/aopalliance-1.0.jar:/home/user/hadoop-2.7.7/share/hadoop/mapreduce/lib/jersey-guice-1.9.jar:/home/user/hadoop-2.7.7/share/hadoop/mapreduce/lib/netty-3.6.2.Final.jar:/home/user/hadoop-2.7.7/share/hadoop/mapreduce/lib/xz-1.0.jar:/home/user/hadoop-2.7.7/share/hadoop/mapreduce/lib/hadoop-annotations-2.7.7.jar:/home/user/hadoop-2.7.7/share/hadoop/mapreduce/lib/jackson-mapper-asl-1.9.13.jar:/home/user/hadoop-2.7.7/share/hadoop/mapreduce/lib/asm-3.2.jar:/home/user/hadoop-2.7.7/share/hadoop/mapreduce/lib/commons-io-2.4.jar:/home/user/hadoop-2.7.7/share/hadoop/mapreduce/lib/javax.inject-1.jar:/home/user/hadoop-2.7.7/share/hadoop/mapreduce/lib/avro-1.7.4.jar:/home/user/hadoop-2.7.7/share/hadoop/mapreduce/lib/commons-compress-1.4.1.jar:/home/user/hadoop-2.7.7/share/hadoop/mapreduce/lib/snappy-java-1.0.4.1.jar:/home/user/hadoop-2.7.7/share/hadoop/mapreduce/lib/junit-4.11.jar:/home/user/hadoop-2.7.7/share/hadoop/mapreduce/lib/jersey-core-1.9.jar:/home/user/hadoop-2.7.7/share/hadoop/mapreduce/lib/jersey-server-1.9.jar:/home/user/hadoop-2.7.7/share/hadoop/mapreduce/lib/paranamer-2.3.jar:/home/user/hadoop-2.7.7/share/hadoop/mapreduce/lib/log4j-1.2.17.jar:/home/user/hadoop-2.7.7/share/hadoop/mapreduce/lib/protobuf-java-2.5.0.jar:/home/user/hadoop-2.7.7/share/hadoop/mapreduce/lib/guice-3.0.jar:/home/user/hadoop-2.7.7/share/hadoop/mapreduce/lib/guice-servlet-3.0.jar:/home/user/hadoop-2.7.7/share/hadoop/mapreduce/lib/leveldbjni-all-1.8.jar:/home/user/hadoop-2.7.7/share/hadoop/mapreduce/lib/hamcrest-core-1.3.jar:/home/user/hadoop-2.7.7/share/hadoop/mapreduce/lib/jackson-core-asl-1.9.13.jar:/home/user/hadoop-2.7.7/share/hadoop/mapreduce/hadoop-mapreduce-client-common-2.7.7.jar:/home/user/hadoop-2.7.7/share/hadoop/mapreduce/hadoop-mapreduce-client-hs-plugins-2.7.7.jar:/home/user/hadoop-2.7.7/share/hadoop/mapreduce/hadoop-mapreduce-client-jobclient-2.7.7-tests.jar:/home/user/hadoop-2.7.7/share/hadoop/mapreduce/hadoop-mapreduce-client-hs-2.7.7.jar:/home/user/hadoop-2.7.7/share/hadoop/mapreduce/hadoop-mapreduce-client-app-2.7.7.jar:/home/user/hadoop-2.7.7/share/hadoop/mapreduce/hadoop-mapreduce-examples-2.7.7.jar:/home/user/hadoop-2.7.7/share/hadoop/mapreduce/hadoop-mapreduce-client-shuffle-2.7.7.jar:/home/user/hadoop-2.7.7/share/hadoop/mapreduce/hadoop-mapreduce-client-core-2.7.7.jar:/home/user/hadoop-2.7.7/share/hadoop/mapreduce/hadoop-mapreduce-client-jobclient-2.7.7.jar:/contrib/capacity-scheduler/*.jar:/contrib/capacity-scheduler/*.jar:/contrib/capacity-scheduler/*.jar
STARTUP_MSG:   build = Unknown -r c1aad84bd27cd79c3d1a7dd58202a8c3ee1ed3ac; compiled by 'stevel' on 2018-07-18T22:47Z
STARTUP_MSG:   java = 1.8.0_242
************************************************************/
2020-02-25 18:57:13,266 INFO org.apache.hadoop.hdfs.server.namenode.SecondaryNameNode: registered UNIX signal handlers for [TERM, HUP, INT]
2020-02-25 18:57:14,036 INFO org.apache.hadoop.metrics2.impl.MetricsConfig: loaded properties from hadoop-metrics2.properties
2020-02-25 18:57:14,134 INFO org.apache.hadoop.metrics2.impl.MetricsSystemImpl: Scheduled snapshot period at 10 second(s).
2020-02-25 18:57:14,135 INFO org.apache.hadoop.metrics2.impl.MetricsSystemImpl: SecondaryNameNode metrics system started
2020-02-25 18:57:14,388 INFO org.apache.hadoop.hdfs.server.common.Storage: Lock on /tmp/hadoop-user/dfs/namesecondary/in_use.lock acquired by nodename 18983@master
2020-02-25 18:57:14,398 INFO org.apache.hadoop.hdfs.server.namenode.FSNamesystem: No KeyProvider found.
2020-02-25 18:57:14,400 INFO org.apache.hadoop.hdfs.server.namenode.FSNamesystem: fsLock is fair: true
2020-02-25 18:57:14,403 INFO org.apache.hadoop.hdfs.server.namenode.FSNamesystem: Detailed lock hold time metrics enabled: false
2020-02-25 18:57:14,463 INFO org.apache.hadoop.hdfs.server.blockmanagement.DatanodeManager: dfs.block.invalidate.limit=1000
2020-02-25 18:57:14,463 INFO org.apache.hadoop.hdfs.server.blockmanagement.DatanodeManager: dfs.namenode.datanode.registration.ip-hostname-check=true
2020-02-25 18:57:14,466 INFO org.apache.hadoop.hdfs.server.blockmanagement.BlockManager: dfs.namenode.startup.delay.block.deletion.sec is set to 000:00:00:00.000
2020-02-25 18:57:14,469 INFO org.apache.hadoop.hdfs.server.blockmanagement.BlockManager: The block deletion will start around 2020 Feb 25 18:57:14
2020-02-25 18:57:14,472 INFO org.apache.hadoop.util.GSet: Computing capacity for map BlocksMap
2020-02-25 18:57:14,472 INFO org.apache.hadoop.util.GSet: VM type       = 64-bit
2020-02-25 18:57:14,473 INFO org.apache.hadoop.util.GSet: 2.0% max memory 889 MB = 17.8 MB
2020-02-25 18:57:14,473 INFO org.apache.hadoop.util.GSet: capacity      = 2^21 = 2097152 entries
2020-02-25 18:57:14,489 INFO org.apache.hadoop.hdfs.server.blockmanagement.BlockManager: dfs.block.access.token.enable=false
2020-02-25 18:57:14,490 INFO org.apache.hadoop.hdfs.server.blockmanagement.BlockManager: defaultReplication         = 2
2020-02-25 18:57:14,490 INFO org.apache.hadoop.hdfs.server.blockmanagement.BlockManager: maxReplication             = 512
2020-02-25 18:57:14,490 INFO org.apache.hadoop.hdfs.server.blockmanagement.BlockManager: minReplication             = 1
2020-02-25 18:57:14,490 INFO org.apache.hadoop.hdfs.server.blockmanagement.BlockManager: maxReplicationStreams      = 2
2020-02-25 18:57:14,490 INFO org.apache.hadoop.hdfs.server.blockmanagement.BlockManager: replicationRecheckInterval = 3000
2020-02-25 18:57:14,490 INFO org.apache.hadoop.hdfs.server.blockmanagement.BlockManager: encryptDataTransfer        = false
2020-02-25 18:57:14,490 INFO org.apache.hadoop.hdfs.server.blockmanagement.BlockManager: maxNumBlocksToLog          = 1000
2020-02-25 18:57:14,492 INFO org.apache.hadoop.hdfs.server.namenode.FSNamesystem: fsOwner             = user (auth:SIMPLE)
2020-02-25 18:57:14,493 INFO org.apache.hadoop.hdfs.server.namenode.FSNamesystem: supergroup          = supergroup
2020-02-25 18:57:14,493 INFO org.apache.hadoop.hdfs.server.namenode.FSNamesystem: isPermissionEnabled = true
2020-02-25 18:57:14,493 INFO org.apache.hadoop.hdfs.server.namenode.FSNamesystem: HA Enabled: false
2020-02-25 18:57:14,496 INFO org.apache.hadoop.hdfs.server.namenode.FSNamesystem: Append Enabled: true
2020-02-25 18:57:14,579 INFO org.apache.hadoop.util.GSet: Computing capacity for map INodeMap
2020-02-25 18:57:14,579 INFO org.apache.hadoop.util.GSet: VM type       = 64-bit
2020-02-25 18:57:14,579 INFO org.apache.hadoop.util.GSet: 1.0% max memory 889 MB = 8.9 MB
2020-02-25 18:57:14,579 INFO org.apache.hadoop.util.GSet: capacity      = 2^20 = 1048576 entries
2020-02-25 18:57:14,580 INFO org.apache.hadoop.hdfs.server.namenode.FSDirectory: ACLs enabled? false
2020-02-25 18:57:14,581 INFO org.apache.hadoop.hdfs.server.namenode.FSDirectory: XAttrs enabled? true
2020-02-25 18:57:14,581 INFO org.apache.hadoop.hdfs.server.namenode.FSDirectory: Maximum size of an xattr: 16384
2020-02-25 18:57:14,581 INFO org.apache.hadoop.hdfs.server.namenode.NameNode: Caching file names occuring more than 10 times
2020-02-25 18:57:14,589 INFO org.apache.hadoop.util.GSet: Computing capacity for map cachedBlocks
2020-02-25 18:57:14,589 INFO org.apache.hadoop.util.GSet: VM type       = 64-bit
2020-02-25 18:57:14,589 INFO org.apache.hadoop.util.GSet: 0.25% max memory 889 MB = 2.2 MB
2020-02-25 18:57:14,589 INFO org.apache.hadoop.util.GSet: capacity      = 2^18 = 262144 entries
2020-02-25 18:57:14,590 INFO org.apache.hadoop.hdfs.server.namenode.FSNamesystem: dfs.namenode.safemode.threshold-pct = 0.9990000128746033
2020-02-25 18:57:14,590 INFO org.apache.hadoop.hdfs.server.namenode.FSNamesystem: dfs.namenode.safemode.min.datanodes = 0
2020-02-25 18:57:14,591 INFO org.apache.hadoop.hdfs.server.namenode.FSNamesystem: dfs.namenode.safemode.extension     = 30000
2020-02-25 18:57:14,594 INFO org.apache.hadoop.hdfs.server.namenode.top.metrics.TopMetrics: NNTop conf: dfs.namenode.top.window.num.buckets = 10
2020-02-25 18:57:14,594 INFO org.apache.hadoop.hdfs.server.namenode.top.metrics.TopMetrics: NNTop conf: dfs.namenode.top.num.users = 10
2020-02-25 18:57:14,594 INFO org.apache.hadoop.hdfs.server.namenode.top.metrics.TopMetrics: NNTop conf: dfs.namenode.top.windows.minutes = 1,5,25
2020-02-25 18:57:14,609 INFO org.apache.hadoop.hdfs.DFSUtil: Starting Web-server for secondary at: http://0.0.0.0:50090
2020-02-25 18:57:14,743 INFO org.mortbay.log: Logging to org.slf4j.impl.Log4jLoggerAdapter(org.mortbay.log) via org.mortbay.log.Slf4jLog
2020-02-25 18:57:14,751 INFO org.apache.hadoop.security.authentication.server.AuthenticationFilter: Unable to initialize FileSignerSecretProvider, falling back to use random secrets.
2020-02-25 18:57:14,757 INFO org.apache.hadoop.http.HttpRequestLog: Http request log for http.requests.secondary is not defined
2020-02-25 18:57:14,763 INFO org.apache.hadoop.http.HttpServer2: Added global filter 'safety' (class=org.apache.hadoop.http.HttpServer2$QuotingInputFilter)
2020-02-25 18:57:14,768 INFO org.apache.hadoop.http.HttpServer2: Added filter static_user_filter (class=org.apache.hadoop.http.lib.StaticUserWebFilter$StaticUserFilter) to context secondary
2020-02-25 18:57:14,769 INFO org.apache.hadoop.http.HttpServer2: Added filter static_user_filter (class=org.apache.hadoop.http.lib.StaticUserWebFilter$StaticUserFilter) to context static
2020-02-25 18:57:14,769 INFO org.apache.hadoop.http.HttpServer2: Added filter static_user_filter (class=org.apache.hadoop.http.lib.StaticUserWebFilter$StaticUserFilter) to context logs
2020-02-25 18:57:14,789 INFO org.apache.hadoop.http.HttpServer2: Jetty bound to port 50090
2020-02-25 18:57:14,789 INFO org.mortbay.log: jetty-6.1.26
2020-02-25 18:57:14,911 INFO org.mortbay.log: Started HttpServer2$SelectChannelConnectorWithSafeStartup@0.0.0.0:50090
2020-02-25 18:57:14,911 INFO org.apache.hadoop.hdfs.server.namenode.SecondaryNameNode: Web server init done
2020-02-25 18:57:14,919 INFO org.apache.hadoop.hdfs.server.namenode.SecondaryNameNode: Checkpoint Period   :3600 secs (60 min)
2020-02-25 18:57:14,919 INFO org.apache.hadoop.hdfs.server.namenode.SecondaryNameNode: Log Size Trigger    :1000000 txns
2020-02-25 19:26:15,423 INFO org.apache.hadoop.hdfs.server.namenode.SecondaryNameNode: Image has changed. Downloading updated image from NN.
2020-02-25 19:26:16,418 INFO org.apache.hadoop.hdfs.server.namenode.TransferFsImage: Opening connection to http://master:50070/imagetransfer?getimage=1&txid=0&storageInfo=-63:1728871112:0:CID-212bc1d3-8f46-48c3-8bef-0b532b514482
2020-02-25 19:26:16,508 INFO org.apache.hadoop.hdfs.server.namenode.TransferFsImage: Image Transfer timeout configured to 60000 milliseconds
2020-02-25 19:26:16,848 INFO org.apache.hadoop.hdfs.server.namenode.TransferFsImage: Transfer took 0.06s at 0.00 KB/s
2020-02-25 19:26:16,849 INFO org.apache.hadoop.hdfs.server.namenode.TransferFsImage: Downloaded file fsimage.ckpt_0000000000000000000 size 321 bytes.
2020-02-25 19:26:16,859 INFO org.apache.hadoop.hdfs.server.namenode.TransferFsImage: Opening connection to http://master:50070/imagetransfer?getedit=1&startTxId=1&endTxId=2&storageInfo=-63:1728871112:0:CID-212bc1d3-8f46-48c3-8bef-0b532b514482
2020-02-25 19:26:16,867 INFO org.apache.hadoop.hdfs.server.namenode.TransferFsImage: Transfer took 0.00s at 0.00 KB/s
2020-02-25 19:26:16,867 INFO org.apache.hadoop.hdfs.server.namenode.TransferFsImage: Downloaded file edits_tmp_0000000000000000001-0000000000000000002_0000000000003639959 size 0 bytes.
2020-02-25 19:26:16,916 INFO org.apache.hadoop.hdfs.server.namenode.FSImageFormatPBINode: Loading 1 INodes.
2020-02-25 19:26:16,942 INFO org.apache.hadoop.hdfs.server.namenode.FSImageFormatProtobuf: Loaded FSImage in 0 seconds.
2020-02-25 19:26:16,942 INFO org.apache.hadoop.hdfs.server.namenode.FSImage: Loaded image for txid 0 from /tmp/hadoop-user/dfs/namesecondary/current/fsimage_0000000000000000000
2020-02-25 19:26:16,942 INFO org.apache.hadoop.hdfs.server.namenode.NameCache: initialized with 0 entries 0 lookups
2020-02-25 19:26:16,948 INFO org.apache.hadoop.hdfs.server.namenode.Checkpointer: Checkpointer about to load edits from 1 stream(s).
2020-02-25 19:26:16,953 INFO org.apache.hadoop.hdfs.server.namenode.FSImage: Reading /tmp/hadoop-user/dfs/namesecondary/current/edits_0000000000000000001-0000000000000000002 expecting start txid #1
2020-02-25 19:26:16,953 INFO org.apache.hadoop.hdfs.server.namenode.FSImage: Start loading edits file /tmp/hadoop-user/dfs/namesecondary/current/edits_0000000000000000001-0000000000000000002
2020-02-25 19:26:16,969 INFO org.apache.hadoop.hdfs.server.namenode.FSImage: Edits file /tmp/hadoop-user/dfs/namesecondary/current/edits_0000000000000000001-0000000000000000002 of size 42 edits # 2 loaded in 0 seconds
2020-02-25 19:26:16,969 INFO org.apache.hadoop.hdfs.server.namenode.FSImage: Initializing quota with 4 thread(s)
2020-02-25 19:26:16,975 INFO org.apache.hadoop.hdfs.server.namenode.FSImage: Quota initialization completed in 6 milliseconds
name space=1
storage space=0
storage types=RAM_DISK=0, SSD=0, DISK=0, ARCHIVE=0
2020-02-25 19:26:16,981 INFO org.apache.hadoop.hdfs.server.namenode.FSImageFormatProtobuf: Saving image file /tmp/hadoop-user/dfs/namesecondary/current/fsimage.ckpt_0000000000000000002 using no compression
2020-02-25 19:26:17,020 INFO org.apache.hadoop.hdfs.server.namenode.FSImageFormatProtobuf: Image file /tmp/hadoop-user/dfs/namesecondary/current/fsimage.ckpt_0000000000000000002 of size 321 bytes saved in 0 seconds.
2020-02-25 19:26:17,029 INFO org.apache.hadoop.hdfs.server.namenode.FSImageTransactionalStorageInspector: No version file in /tmp/hadoop-user/dfs/namesecondary
2020-02-25 19:26:17,074 INFO org.apache.hadoop.hdfs.server.namenode.TransferFsImage: Uploaded image with txid 2 to namenode at http://master:50070 in 0.032 seconds
2020-02-25 19:26:17,075 WARN org.apache.hadoop.hdfs.server.namenode.SecondaryNameNode: Checkpoint done. New Image Size: 321
2020-02-25 20:26:17,664 INFO org.apache.hadoop.hdfs.server.namenode.SecondaryNameNode: Image has not changed. Will not download image.
2020-02-25 20:26:17,680 INFO org.apache.hadoop.hdfs.server.namenode.TransferFsImage: Opening connection to http://master:50070/imagetransfer?getedit=1&startTxId=3&endTxId=143&storageInfo=-63:1728871112:0:CID-212bc1d3-8f46-48c3-8bef-0b532b514482
2020-02-25 20:26:17,692 INFO org.apache.hadoop.hdfs.server.namenode.TransferFsImage: Transfer took 0.01s at 2200.00 KB/s
2020-02-25 20:26:17,692 INFO org.apache.hadoop.hdfs.server.namenode.TransferFsImage: Downloaded file edits_tmp_0000000000000000003-0000000000000000143_0000000000007240781 size 0 bytes.
2020-02-25 20:26:17,693 INFO org.apache.hadoop.hdfs.server.namenode.Checkpointer: Checkpointer about to load edits from 1 stream(s).
2020-02-25 20:26:17,693 INFO org.apache.hadoop.hdfs.server.namenode.FSImage: Reading /tmp/hadoop-user/dfs/namesecondary/current/edits_0000000000000000003-0000000000000000143 expecting start txid #3
2020-02-25 20:26:17,693 INFO org.apache.hadoop.hdfs.server.namenode.FSImage: Start loading edits file /tmp/hadoop-user/dfs/namesecondary/current/edits_0000000000000000003-0000000000000000143
2020-02-25 20:26:17,800 INFO org.apache.hadoop.hdfs.server.namenode.FSImage: Edits file /tmp/hadoop-user/dfs/namesecondary/current/edits_0000000000000000003-0000000000000000143 of size 11723 edits # 141 loaded in 0 seconds
2020-02-25 20:26:17,800 INFO org.apache.hadoop.hdfs.server.namenode.FSImage: Initializing quota with 4 thread(s)
2020-02-25 20:26:17,801 INFO org.apache.hadoop.hdfs.server.namenode.FSImage: Quota initialization completed in 1 milliseconds
name space=14
storage space=3575010140
storage types=RAM_DISK=0, SSD=0, DISK=0, ARCHIVE=0
2020-02-25 20:26:17,802 INFO org.apache.hadoop.hdfs.server.namenode.FSImageFormatProtobuf: Saving image file /tmp/hadoop-user/dfs/namesecondary/current/fsimage.ckpt_0000000000000000143 using no compression
2020-02-25 20:26:17,814 INFO org.apache.hadoop.hdfs.server.namenode.FSImageFormatProtobuf: Image file /tmp/hadoop-user/dfs/namesecondary/current/fsimage.ckpt_0000000000000000143 of size 1621 bytes saved in 0 seconds.
2020-02-25 20:26:17,826 INFO org.apache.hadoop.hdfs.server.namenode.NNStorageRetentionManager: Going to retain 2 images with txid >= 2
2020-02-25 20:26:17,826 INFO org.apache.hadoop.hdfs.server.namenode.NNStorageRetentionManager: Purging old image FSImageFile(file=/tmp/hadoop-user/dfs/namesecondary/current/fsimage_0000000000000000000, cpktTxId=0000000000000000000)
2020-02-25 20:26:17,871 INFO org.apache.hadoop.hdfs.server.namenode.TransferFsImage: Uploaded image with txid 143 to namenode at http://master:50070 in 0.033 seconds
2020-02-25 20:26:17,871 WARN org.apache.hadoop.hdfs.server.namenode.SecondaryNameNode: Checkpoint done. New Image Size: 1621
