2020-02-25 18:56:44,549 INFO org.apache.hadoop.hdfs.server.namenode.NameNode: STARTUP_MSG: 
/************************************************************
STARTUP_MSG: Starting NameNode
STARTUP_MSG:   host = master/192.168.0.1
STARTUP_MSG:   args = []
STARTUP_MSG:   version = 2.7.7
STARTUP_MSG:   classpath = /home/user/hadoop-2.7.7/etc/hadoop:/home/user/hadoop-2.7.7/share/hadoop/common/lib/curator-client-2.7.1.jar:/home/user/hadoop-2.7.7/share/hadoop/common/lib/jets3t-0.9.0.jar:/home/user/hadoop-2.7.7/share/hadoop/common/lib/httpclient-4.2.5.jar:/home/user/hadoop-2.7.7/share/hadoop/common/lib/curator-framework-2.7.1.jar:/home/user/hadoop-2.7.7/share/hadoop/common/lib/jaxb-impl-2.2.3-1.jar:/home/user/hadoop-2.7.7/share/hadoop/common/lib/apacheds-kerberos-codec-2.0.0-M15.jar:/home/user/hadoop-2.7.7/share/hadoop/common/lib/zookeeper-3.4.6.jar:/home/user/hadoop-2.7.7/share/hadoop/common/lib/netty-3.6.2.Final.jar:/home/user/hadoop-2.7.7/share/hadoop/common/lib/jaxb-api-2.2.2.jar:/home/user/hadoop-2.7.7/share/hadoop/common/lib/commons-cli-1.2.jar:/home/user/hadoop-2.7.7/share/hadoop/common/lib/xmlenc-0.52.jar:/home/user/hadoop-2.7.7/share/hadoop/common/lib/xz-1.0.jar:/home/user/hadoop-2.7.7/share/hadoop/common/lib/hadoop-annotations-2.7.7.jar:/home/user/hadoop-2.7.7/share/hadoop/common/lib/jackson-mapper-asl-1.9.13.jar:/home/user/hadoop-2.7.7/share/hadoop/common/lib/asm-3.2.jar:/home/user/hadoop-2.7.7/share/hadoop/common/lib/commons-io-2.4.jar:/home/user/hadoop-2.7.7/share/hadoop/common/lib/stax-api-1.0-2.jar:/home/user/hadoop-2.7.7/share/hadoop/common/lib/jettison-1.1.jar:/home/user/hadoop-2.7.7/share/hadoop/common/lib/commons-digester-1.8.jar:/home/user/hadoop-2.7.7/share/hadoop/common/lib/commons-beanutils-core-1.8.0.jar:/home/user/hadoop-2.7.7/share/hadoop/common/lib/servlet-api-2.5.jar:/home/user/hadoop-2.7.7/share/hadoop/common/lib/jetty-sslengine-6.1.26.jar:/home/user/hadoop-2.7.7/share/hadoop/common/lib/avro-1.7.4.jar:/home/user/hadoop-2.7.7/share/hadoop/common/lib/jsp-api-2.1.jar:/home/user/hadoop-2.7.7/share/hadoop/common/lib/commons-compress-1.4.1.jar:/home/user/hadoop-2.7.7/share/hadoop/common/lib/snappy-java-1.0.4.1.jar:/home/user/hadoop-2.7.7/share/hadoop/common/lib/commons-configuration-1.6.jar:/home/user/hadoop-2.7.7/share/hadoop/common/lib/slf4j-api-1.7.10.jar:/home/user/hadoop-2.7.7/share/hadoop/common/lib/junit-4.11.jar:/home/user/hadoop-2.7.7/share/hadoop/common/lib/jersey-core-1.9.jar:/home/user/hadoop-2.7.7/share/hadoop/common/lib/httpcore-4.2.5.jar:/home/user/hadoop-2.7.7/share/hadoop/common/lib/api-asn1-api-1.0.0-M20.jar:/home/user/hadoop-2.7.7/share/hadoop/common/lib/jackson-jaxrs-1.9.13.jar:/home/user/hadoop-2.7.7/share/hadoop/common/lib/jackson-xc-1.9.13.jar:/home/user/hadoop-2.7.7/share/hadoop/common/lib/jetty-util-6.1.26.jar:/home/user/hadoop-2.7.7/share/hadoop/common/lib/apacheds-i18n-2.0.0-M15.jar:/home/user/hadoop-2.7.7/share/hadoop/common/lib/jsr305-3.0.0.jar:/home/user/hadoop-2.7.7/share/hadoop/common/lib/jersey-server-1.9.jar:/home/user/hadoop-2.7.7/share/hadoop/common/lib/paranamer-2.3.jar:/home/user/hadoop-2.7.7/share/hadoop/common/lib/commons-net-3.1.jar:/home/user/hadoop-2.7.7/share/hadoop/common/lib/guava-11.0.2.jar:/home/user/hadoop-2.7.7/share/hadoop/common/lib/commons-collections-3.2.2.jar:/home/user/hadoop-2.7.7/share/hadoop/common/lib/log4j-1.2.17.jar:/home/user/hadoop-2.7.7/share/hadoop/common/lib/mockito-all-1.8.5.jar:/home/user/hadoop-2.7.7/share/hadoop/common/lib/jersey-json-1.9.jar:/home/user/hadoop-2.7.7/share/hadoop/common/lib/protobuf-java-2.5.0.jar:/home/user/hadoop-2.7.7/share/hadoop/common/lib/api-util-1.0.0-M20.jar:/home/user/hadoop-2.7.7/share/hadoop/common/lib/commons-codec-1.4.jar:/home/user/hadoop-2.7.7/share/hadoop/common/lib/jsch-0.1.54.jar:/home/user/hadoop-2.7.7/share/hadoop/common/lib/commons-httpclient-3.1.jar:/home/user/hadoop-2.7.7/share/hadoop/common/lib/jetty-6.1.26.jar:/home/user/hadoop-2.7.7/share/hadoop/common/lib/commons-lang-2.6.jar:/home/user/hadoop-2.7.7/share/hadoop/common/lib/slf4j-log4j12-1.7.10.jar:/home/user/hadoop-2.7.7/share/hadoop/common/lib/hadoop-auth-2.7.7.jar:/home/user/hadoop-2.7.7/share/hadoop/common/lib/java-xmlbuilder-0.4.jar:/home/user/hadoop-2.7.7/share/hadoop/common/lib/curator-recipes-2.7.1.jar:/home/user/hadoop-2.7.7/share/hadoop/common/lib/htrace-core-3.1.0-incubating.jar:/home/user/hadoop-2.7.7/share/hadoop/common/lib/hamcrest-core-1.3.jar:/home/user/hadoop-2.7.7/share/hadoop/common/lib/commons-beanutils-1.7.0.jar:/home/user/hadoop-2.7.7/share/hadoop/common/lib/commons-logging-1.1.3.jar:/home/user/hadoop-2.7.7/share/hadoop/common/lib/gson-2.2.4.jar:/home/user/hadoop-2.7.7/share/hadoop/common/lib/commons-math3-3.1.1.jar:/home/user/hadoop-2.7.7/share/hadoop/common/lib/jackson-core-asl-1.9.13.jar:/home/user/hadoop-2.7.7/share/hadoop/common/lib/activation-1.1.jar:/home/user/hadoop-2.7.7/share/hadoop/common/hadoop-common-2.7.7.jar:/home/user/hadoop-2.7.7/share/hadoop/common/hadoop-nfs-2.7.7.jar:/home/user/hadoop-2.7.7/share/hadoop/common/hadoop-common-2.7.7-tests.jar:/home/user/hadoop-2.7.7/share/hadoop/hdfs:/home/user/hadoop-2.7.7/share/hadoop/hdfs/lib/netty-3.6.2.Final.jar:/home/user/hadoop-2.7.7/share/hadoop/hdfs/lib/netty-all-4.0.23.Final.jar:/home/user/hadoop-2.7.7/share/hadoop/hdfs/lib/commons-cli-1.2.jar:/home/user/hadoop-2.7.7/share/hadoop/hdfs/lib/xmlenc-0.52.jar:/home/user/hadoop-2.7.7/share/hadoop/hdfs/lib/jackson-mapper-asl-1.9.13.jar:/home/user/hadoop-2.7.7/share/hadoop/hdfs/lib/asm-3.2.jar:/home/user/hadoop-2.7.7/share/hadoop/hdfs/lib/commons-io-2.4.jar:/home/user/hadoop-2.7.7/share/hadoop/hdfs/lib/servlet-api-2.5.jar:/home/user/hadoop-2.7.7/share/hadoop/hdfs/lib/jersey-core-1.9.jar:/home/user/hadoop-2.7.7/share/hadoop/hdfs/lib/jetty-util-6.1.26.jar:/home/user/hadoop-2.7.7/share/hadoop/hdfs/lib/xercesImpl-2.9.1.jar:/home/user/hadoop-2.7.7/share/hadoop/hdfs/lib/jsr305-3.0.0.jar:/home/user/hadoop-2.7.7/share/hadoop/hdfs/lib/jersey-server-1.9.jar:/home/user/hadoop-2.7.7/share/hadoop/hdfs/lib/guava-11.0.2.jar:/home/user/hadoop-2.7.7/share/hadoop/hdfs/lib/log4j-1.2.17.jar:/home/user/hadoop-2.7.7/share/hadoop/hdfs/lib/protobuf-java-2.5.0.jar:/home/user/hadoop-2.7.7/share/hadoop/hdfs/lib/commons-codec-1.4.jar:/home/user/hadoop-2.7.7/share/hadoop/hdfs/lib/commons-daemon-1.0.13.jar:/home/user/hadoop-2.7.7/share/hadoop/hdfs/lib/jetty-6.1.26.jar:/home/user/hadoop-2.7.7/share/hadoop/hdfs/lib/commons-lang-2.6.jar:/home/user/hadoop-2.7.7/share/hadoop/hdfs/lib/xml-apis-1.3.04.jar:/home/user/hadoop-2.7.7/share/hadoop/hdfs/lib/htrace-core-3.1.0-incubating.jar:/home/user/hadoop-2.7.7/share/hadoop/hdfs/lib/leveldbjni-all-1.8.jar:/home/user/hadoop-2.7.7/share/hadoop/hdfs/lib/commons-logging-1.1.3.jar:/home/user/hadoop-2.7.7/share/hadoop/hdfs/lib/jackson-core-asl-1.9.13.jar:/home/user/hadoop-2.7.7/share/hadoop/hdfs/hadoop-hdfs-2.7.7.jar:/home/user/hadoop-2.7.7/share/hadoop/hdfs/hadoop-hdfs-nfs-2.7.7.jar:/home/user/hadoop-2.7.7/share/hadoop/hdfs/hadoop-hdfs-2.7.7-tests.jar:/home/user/hadoop-2.7.7/share/hadoop/yarn/lib/aopalliance-1.0.jar:/home/user/hadoop-2.7.7/share/hadoop/yarn/lib/jaxb-impl-2.2.3-1.jar:/home/user/hadoop-2.7.7/share/hadoop/yarn/lib/jersey-guice-1.9.jar:/home/user/hadoop-2.7.7/share/hadoop/yarn/lib/zookeeper-3.4.6.jar:/home/user/hadoop-2.7.7/share/hadoop/yarn/lib/netty-3.6.2.Final.jar:/home/user/hadoop-2.7.7/share/hadoop/yarn/lib/jaxb-api-2.2.2.jar:/home/user/hadoop-2.7.7/share/hadoop/yarn/lib/commons-cli-1.2.jar:/home/user/hadoop-2.7.7/share/hadoop/yarn/lib/xz-1.0.jar:/home/user/hadoop-2.7.7/share/hadoop/yarn/lib/jersey-client-1.9.jar:/home/user/hadoop-2.7.7/share/hadoop/yarn/lib/jackson-mapper-asl-1.9.13.jar:/home/user/hadoop-2.7.7/share/hadoop/yarn/lib/asm-3.2.jar:/home/user/hadoop-2.7.7/share/hadoop/yarn/lib/commons-io-2.4.jar:/home/user/hadoop-2.7.7/share/hadoop/yarn/lib/javax.inject-1.jar:/home/user/hadoop-2.7.7/share/hadoop/yarn/lib/stax-api-1.0-2.jar:/home/user/hadoop-2.7.7/share/hadoop/yarn/lib/jettison-1.1.jar:/home/user/hadoop-2.7.7/share/hadoop/yarn/lib/servlet-api-2.5.jar:/home/user/hadoop-2.7.7/share/hadoop/yarn/lib/commons-compress-1.4.1.jar:/home/user/hadoop-2.7.7/share/hadoop/yarn/lib/jersey-core-1.9.jar:/home/user/hadoop-2.7.7/share/hadoop/yarn/lib/jackson-jaxrs-1.9.13.jar:/home/user/hadoop-2.7.7/share/hadoop/yarn/lib/jackson-xc-1.9.13.jar:/home/user/hadoop-2.7.7/share/hadoop/yarn/lib/jetty-util-6.1.26.jar:/home/user/hadoop-2.7.7/share/hadoop/yarn/lib/jsr305-3.0.0.jar:/home/user/hadoop-2.7.7/share/hadoop/yarn/lib/jersey-server-1.9.jar:/home/user/hadoop-2.7.7/share/hadoop/yarn/lib/guava-11.0.2.jar:/home/user/hadoop-2.7.7/share/hadoop/yarn/lib/commons-collections-3.2.2.jar:/home/user/hadoop-2.7.7/share/hadoop/yarn/lib/log4j-1.2.17.jar:/home/user/hadoop-2.7.7/share/hadoop/yarn/lib/jersey-json-1.9.jar:/home/user/hadoop-2.7.7/share/hadoop/yarn/lib/protobuf-java-2.5.0.jar:/home/user/hadoop-2.7.7/share/hadoop/yarn/lib/commons-codec-1.4.jar:/home/user/hadoop-2.7.7/share/hadoop/yarn/lib/guice-3.0.jar:/home/user/hadoop-2.7.7/share/hadoop/yarn/lib/zookeeper-3.4.6-tests.jar:/home/user/hadoop-2.7.7/share/hadoop/yarn/lib/jetty-6.1.26.jar:/home/user/hadoop-2.7.7/share/hadoop/yarn/lib/commons-lang-2.6.jar:/home/user/hadoop-2.7.7/share/hadoop/yarn/lib/guice-servlet-3.0.jar:/home/user/hadoop-2.7.7/share/hadoop/yarn/lib/leveldbjni-all-1.8.jar:/home/user/hadoop-2.7.7/share/hadoop/yarn/lib/commons-logging-1.1.3.jar:/home/user/hadoop-2.7.7/share/hadoop/yarn/lib/jackson-core-asl-1.9.13.jar:/home/user/hadoop-2.7.7/share/hadoop/yarn/lib/activation-1.1.jar:/home/user/hadoop-2.7.7/share/hadoop/yarn/hadoop-yarn-applications-unmanaged-am-launcher-2.7.7.jar:/home/user/hadoop-2.7.7/share/hadoop/yarn/hadoop-yarn-server-common-2.7.7.jar:/home/user/hadoop-2.7.7/share/hadoop/yarn/hadoop-yarn-applications-distributedshell-2.7.7.jar:/home/user/hadoop-2.7.7/share/hadoop/yarn/hadoop-yarn-api-2.7.7.jar:/home/user/hadoop-2.7.7/share/hadoop/yarn/hadoop-yarn-registry-2.7.7.jar:/home/user/hadoop-2.7.7/share/hadoop/yarn/hadoop-yarn-server-resourcemanager-2.7.7.jar:/home/user/hadoop-2.7.7/share/hadoop/yarn/hadoop-yarn-client-2.7.7.jar:/home/user/hadoop-2.7.7/share/hadoop/yarn/hadoop-yarn-server-tests-2.7.7.jar:/home/user/hadoop-2.7.7/share/hadoop/yarn/hadoop-yarn-server-applicationhistoryservice-2.7.7.jar:/home/user/hadoop-2.7.7/share/hadoop/yarn/hadoop-yarn-server-web-proxy-2.7.7.jar:/home/user/hadoop-2.7.7/share/hadoop/yarn/hadoop-yarn-common-2.7.7.jar:/home/user/hadoop-2.7.7/share/hadoop/yarn/hadoop-yarn-server-nodemanager-2.7.7.jar:/home/user/hadoop-2.7.7/share/hadoop/yarn/hadoop-yarn-server-sharedcachemanager-2.7.7.jar:/home/user/hadoop-2.7.7/share/hadoop/mapreduce/lib/aopalliance-1.0.jar:/home/user/hadoop-2.7.7/share/hadoop/mapreduce/lib/jersey-guice-1.9.jar:/home/user/hadoop-2.7.7/share/hadoop/mapreduce/lib/netty-3.6.2.Final.jar:/home/user/hadoop-2.7.7/share/hadoop/mapreduce/lib/xz-1.0.jar:/home/user/hadoop-2.7.7/share/hadoop/mapreduce/lib/hadoop-annotations-2.7.7.jar:/home/user/hadoop-2.7.7/share/hadoop/mapreduce/lib/jackson-mapper-asl-1.9.13.jar:/home/user/hadoop-2.7.7/share/hadoop/mapreduce/lib/asm-3.2.jar:/home/user/hadoop-2.7.7/share/hadoop/mapreduce/lib/commons-io-2.4.jar:/home/user/hadoop-2.7.7/share/hadoop/mapreduce/lib/javax.inject-1.jar:/home/user/hadoop-2.7.7/share/hadoop/mapreduce/lib/avro-1.7.4.jar:/home/user/hadoop-2.7.7/share/hadoop/mapreduce/lib/commons-compress-1.4.1.jar:/home/user/hadoop-2.7.7/share/hadoop/mapreduce/lib/snappy-java-1.0.4.1.jar:/home/user/hadoop-2.7.7/share/hadoop/mapreduce/lib/junit-4.11.jar:/home/user/hadoop-2.7.7/share/hadoop/mapreduce/lib/jersey-core-1.9.jar:/home/user/hadoop-2.7.7/share/hadoop/mapreduce/lib/jersey-server-1.9.jar:/home/user/hadoop-2.7.7/share/hadoop/mapreduce/lib/paranamer-2.3.jar:/home/user/hadoop-2.7.7/share/hadoop/mapreduce/lib/log4j-1.2.17.jar:/home/user/hadoop-2.7.7/share/hadoop/mapreduce/lib/protobuf-java-2.5.0.jar:/home/user/hadoop-2.7.7/share/hadoop/mapreduce/lib/guice-3.0.jar:/home/user/hadoop-2.7.7/share/hadoop/mapreduce/lib/guice-servlet-3.0.jar:/home/user/hadoop-2.7.7/share/hadoop/mapreduce/lib/leveldbjni-all-1.8.jar:/home/user/hadoop-2.7.7/share/hadoop/mapreduce/lib/hamcrest-core-1.3.jar:/home/user/hadoop-2.7.7/share/hadoop/mapreduce/lib/jackson-core-asl-1.9.13.jar:/home/user/hadoop-2.7.7/share/hadoop/mapreduce/hadoop-mapreduce-client-common-2.7.7.jar:/home/user/hadoop-2.7.7/share/hadoop/mapreduce/hadoop-mapreduce-client-hs-plugins-2.7.7.jar:/home/user/hadoop-2.7.7/share/hadoop/mapreduce/hadoop-mapreduce-client-jobclient-2.7.7-tests.jar:/home/user/hadoop-2.7.7/share/hadoop/mapreduce/hadoop-mapreduce-client-hs-2.7.7.jar:/home/user/hadoop-2.7.7/share/hadoop/mapreduce/hadoop-mapreduce-client-app-2.7.7.jar:/home/user/hadoop-2.7.7/share/hadoop/mapreduce/hadoop-mapreduce-examples-2.7.7.jar:/home/user/hadoop-2.7.7/share/hadoop/mapreduce/hadoop-mapreduce-client-shuffle-2.7.7.jar:/home/user/hadoop-2.7.7/share/hadoop/mapreduce/hadoop-mapreduce-client-core-2.7.7.jar:/home/user/hadoop-2.7.7/share/hadoop/mapreduce/hadoop-mapreduce-client-jobclient-2.7.7.jar:/contrib/capacity-scheduler/*.jar:/contrib/capacity-scheduler/*.jar:/contrib/capacity-scheduler/*.jar
STARTUP_MSG:   build = Unknown -r c1aad84bd27cd79c3d1a7dd58202a8c3ee1ed3ac; compiled by 'stevel' on 2018-07-18T22:47Z
STARTUP_MSG:   java = 1.8.0_242
************************************************************/
2020-02-25 18:56:44,558 INFO org.apache.hadoop.hdfs.server.namenode.NameNode: registered UNIX signal handlers for [TERM, HUP, INT]
2020-02-25 18:56:44,565 INFO org.apache.hadoop.hdfs.server.namenode.NameNode: createNameNode []
2020-02-25 18:56:45,375 INFO org.apache.hadoop.metrics2.impl.MetricsConfig: loaded properties from hadoop-metrics2.properties
2020-02-25 18:56:46,400 INFO org.apache.hadoop.metrics2.impl.MetricsSystemImpl: Scheduled snapshot period at 10 second(s).
2020-02-25 18:56:46,400 INFO org.apache.hadoop.metrics2.impl.MetricsSystemImpl: NameNode metrics system started
2020-02-25 18:56:46,404 INFO org.apache.hadoop.hdfs.server.namenode.NameNode: fs.defaultFS is hdfs://master:9000
2020-02-25 18:56:46,405 INFO org.apache.hadoop.hdfs.server.namenode.NameNode: Clients are to use master:9000 to access this namenode/service.
2020-02-25 18:56:46,674 INFO org.apache.hadoop.hdfs.DFSUtil: Starting Web-server for hdfs at: http://0.0.0.0:50070
2020-02-25 18:56:46,757 INFO org.mortbay.log: Logging to org.slf4j.impl.Log4jLoggerAdapter(org.mortbay.log) via org.mortbay.log.Slf4jLog
2020-02-25 18:56:46,767 INFO org.apache.hadoop.security.authentication.server.AuthenticationFilter: Unable to initialize FileSignerSecretProvider, falling back to use random secrets.
2020-02-25 18:56:46,788 INFO org.apache.hadoop.http.HttpRequestLog: Http request log for http.requests.namenode is not defined
2020-02-25 18:56:46,795 INFO org.apache.hadoop.http.HttpServer2: Added global filter 'safety' (class=org.apache.hadoop.http.HttpServer2$QuotingInputFilter)
2020-02-25 18:56:46,798 INFO org.apache.hadoop.http.HttpServer2: Added filter static_user_filter (class=org.apache.hadoop.http.lib.StaticUserWebFilter$StaticUserFilter) to context hdfs
2020-02-25 18:56:46,798 INFO org.apache.hadoop.http.HttpServer2: Added filter static_user_filter (class=org.apache.hadoop.http.lib.StaticUserWebFilter$StaticUserFilter) to context logs
2020-02-25 18:56:46,798 INFO org.apache.hadoop.http.HttpServer2: Added filter static_user_filter (class=org.apache.hadoop.http.lib.StaticUserWebFilter$StaticUserFilter) to context static
2020-02-25 18:56:47,187 INFO org.apache.hadoop.http.HttpServer2: Added filter 'org.apache.hadoop.hdfs.web.AuthFilter' (class=org.apache.hadoop.hdfs.web.AuthFilter)
2020-02-25 18:56:47,189 INFO org.apache.hadoop.http.HttpServer2: addJerseyResourcePackage: packageName=org.apache.hadoop.hdfs.server.namenode.web.resources;org.apache.hadoop.hdfs.web.resources, pathSpec=/webhdfs/v1/*
2020-02-25 18:56:47,222 INFO org.apache.hadoop.http.HttpServer2: Jetty bound to port 50070
2020-02-25 18:56:47,222 INFO org.mortbay.log: jetty-6.1.26
2020-02-25 18:56:47,407 INFO org.mortbay.log: Started HttpServer2$SelectChannelConnectorWithSafeStartup@0.0.0.0:50070
2020-02-25 18:56:47,443 WARN org.apache.hadoop.hdfs.server.common.Util: Path /home/user/hdfsname should be specified as a URI in configuration files. Please update hdfs configuration.
2020-02-25 18:56:47,443 WARN org.apache.hadoop.hdfs.server.common.Util: Path /home/user/hdfsname should be specified as a URI in configuration files. Please update hdfs configuration.
2020-02-25 18:56:47,444 WARN org.apache.hadoop.hdfs.server.namenode.FSNamesystem: Only one image storage directory (dfs.namenode.name.dir) configured. Beware of data loss due to lack of redundant storage directories!
2020-02-25 18:56:47,444 WARN org.apache.hadoop.hdfs.server.namenode.FSNamesystem: Only one namespace edits storage directory (dfs.namenode.edits.dir) configured. Beware of data loss due to lack of redundant storage directories!
2020-02-25 18:56:47,449 WARN org.apache.hadoop.hdfs.server.common.Util: Path /home/user/hdfsname should be specified as a URI in configuration files. Please update hdfs configuration.
2020-02-25 18:56:47,450 WARN org.apache.hadoop.hdfs.server.common.Util: Path /home/user/hdfsname should be specified as a URI in configuration files. Please update hdfs configuration.
2020-02-25 18:56:47,501 INFO org.apache.hadoop.hdfs.server.namenode.FSNamesystem: No KeyProvider found.
2020-02-25 18:56:47,502 INFO org.apache.hadoop.hdfs.server.namenode.FSNamesystem: fsLock is fair: true
2020-02-25 18:56:47,505 INFO org.apache.hadoop.hdfs.server.namenode.FSNamesystem: Detailed lock hold time metrics enabled: false
2020-02-25 18:56:47,553 INFO org.apache.hadoop.hdfs.server.blockmanagement.DatanodeManager: dfs.block.invalidate.limit=1000
2020-02-25 18:56:47,553 INFO org.apache.hadoop.hdfs.server.blockmanagement.DatanodeManager: dfs.namenode.datanode.registration.ip-hostname-check=true
2020-02-25 18:56:47,555 INFO org.apache.hadoop.hdfs.server.blockmanagement.BlockManager: dfs.namenode.startup.delay.block.deletion.sec is set to 000:00:00:00.000
2020-02-25 18:56:47,556 INFO org.apache.hadoop.hdfs.server.blockmanagement.BlockManager: The block deletion will start around 2020 Feb 25 18:56:47
2020-02-25 18:56:47,558 INFO org.apache.hadoop.util.GSet: Computing capacity for map BlocksMap
2020-02-25 18:56:47,558 INFO org.apache.hadoop.util.GSet: VM type       = 64-bit
2020-02-25 18:56:47,560 INFO org.apache.hadoop.util.GSet: 2.0% max memory 889 MB = 17.8 MB
2020-02-25 18:56:47,560 INFO org.apache.hadoop.util.GSet: capacity      = 2^21 = 2097152 entries
2020-02-25 18:56:47,571 INFO org.apache.hadoop.hdfs.server.blockmanagement.BlockManager: dfs.block.access.token.enable=false
2020-02-25 18:56:47,572 INFO org.apache.hadoop.hdfs.server.blockmanagement.BlockManager: defaultReplication         = 2
2020-02-25 18:56:47,572 INFO org.apache.hadoop.hdfs.server.blockmanagement.BlockManager: maxReplication             = 512
2020-02-25 18:56:47,572 INFO org.apache.hadoop.hdfs.server.blockmanagement.BlockManager: minReplication             = 1
2020-02-25 18:56:47,572 INFO org.apache.hadoop.hdfs.server.blockmanagement.BlockManager: maxReplicationStreams      = 2
2020-02-25 18:56:47,572 INFO org.apache.hadoop.hdfs.server.blockmanagement.BlockManager: replicationRecheckInterval = 3000
2020-02-25 18:56:47,572 INFO org.apache.hadoop.hdfs.server.blockmanagement.BlockManager: encryptDataTransfer        = false
2020-02-25 18:56:47,572 INFO org.apache.hadoop.hdfs.server.blockmanagement.BlockManager: maxNumBlocksToLog          = 1000
2020-02-25 18:56:47,583 INFO org.apache.hadoop.hdfs.server.namenode.FSNamesystem: fsOwner             = user (auth:SIMPLE)
2020-02-25 18:56:47,583 INFO org.apache.hadoop.hdfs.server.namenode.FSNamesystem: supergroup          = supergroup
2020-02-25 18:56:47,583 INFO org.apache.hadoop.hdfs.server.namenode.FSNamesystem: isPermissionEnabled = true
2020-02-25 18:56:47,583 INFO org.apache.hadoop.hdfs.server.namenode.FSNamesystem: HA Enabled: false
2020-02-25 18:56:47,585 INFO org.apache.hadoop.hdfs.server.namenode.FSNamesystem: Append Enabled: true
2020-02-25 18:56:47,661 INFO org.apache.hadoop.util.GSet: Computing capacity for map INodeMap
2020-02-25 18:56:47,661 INFO org.apache.hadoop.util.GSet: VM type       = 64-bit
2020-02-25 18:56:47,661 INFO org.apache.hadoop.util.GSet: 1.0% max memory 889 MB = 8.9 MB
2020-02-25 18:56:47,661 INFO org.apache.hadoop.util.GSet: capacity      = 2^20 = 1048576 entries
2020-02-25 18:56:47,662 INFO org.apache.hadoop.hdfs.server.namenode.FSDirectory: ACLs enabled? false
2020-02-25 18:56:47,662 INFO org.apache.hadoop.hdfs.server.namenode.FSDirectory: XAttrs enabled? true
2020-02-25 18:56:47,662 INFO org.apache.hadoop.hdfs.server.namenode.FSDirectory: Maximum size of an xattr: 16384
2020-02-25 18:56:47,662 INFO org.apache.hadoop.hdfs.server.namenode.NameNode: Caching file names occuring more than 10 times
2020-02-25 18:56:47,670 INFO org.apache.hadoop.util.GSet: Computing capacity for map cachedBlocks
2020-02-25 18:56:47,670 INFO org.apache.hadoop.util.GSet: VM type       = 64-bit
2020-02-25 18:56:47,671 INFO org.apache.hadoop.util.GSet: 0.25% max memory 889 MB = 2.2 MB
2020-02-25 18:56:47,671 INFO org.apache.hadoop.util.GSet: capacity      = 2^18 = 262144 entries
2020-02-25 18:56:47,672 INFO org.apache.hadoop.hdfs.server.namenode.FSNamesystem: dfs.namenode.safemode.threshold-pct = 0.9990000128746033
2020-02-25 18:56:47,672 INFO org.apache.hadoop.hdfs.server.namenode.FSNamesystem: dfs.namenode.safemode.min.datanodes = 0
2020-02-25 18:56:47,672 INFO org.apache.hadoop.hdfs.server.namenode.FSNamesystem: dfs.namenode.safemode.extension     = 30000
2020-02-25 18:56:47,676 INFO org.apache.hadoop.hdfs.server.namenode.top.metrics.TopMetrics: NNTop conf: dfs.namenode.top.window.num.buckets = 10
2020-02-25 18:56:47,676 INFO org.apache.hadoop.hdfs.server.namenode.top.metrics.TopMetrics: NNTop conf: dfs.namenode.top.num.users = 10
2020-02-25 18:56:47,676 INFO org.apache.hadoop.hdfs.server.namenode.top.metrics.TopMetrics: NNTop conf: dfs.namenode.top.windows.minutes = 1,5,25
2020-02-25 18:56:47,679 INFO org.apache.hadoop.hdfs.server.namenode.FSNamesystem: Retry cache on namenode is enabled
2020-02-25 18:56:47,679 INFO org.apache.hadoop.hdfs.server.namenode.FSNamesystem: Retry cache will use 0.03 of total heap and retry cache entry expiry time is 600000 millis
2020-02-25 18:56:47,681 INFO org.apache.hadoop.util.GSet: Computing capacity for map NameNodeRetryCache
2020-02-25 18:56:47,681 INFO org.apache.hadoop.util.GSet: VM type       = 64-bit
2020-02-25 18:56:47,682 INFO org.apache.hadoop.util.GSet: 0.029999999329447746% max memory 889 MB = 273.1 KB
2020-02-25 18:56:47,682 INFO org.apache.hadoop.util.GSet: capacity      = 2^15 = 32768 entries
2020-02-25 18:56:47,698 INFO org.apache.hadoop.hdfs.server.common.Storage: Lock on /home/user/hdfsname/in_use.lock acquired by nodename 18773@master
2020-02-25 18:56:47,745 INFO org.apache.hadoop.hdfs.server.namenode.FileJournalManager: Recovering unfinalized segments in /home/user/hdfsname/current
2020-02-25 18:56:47,746 INFO org.apache.hadoop.hdfs.server.namenode.FSImage: No edit log streams selected.
2020-02-25 18:56:47,746 INFO org.apache.hadoop.hdfs.server.namenode.FSImage: Planning to load image: FSImageFile(file=/home/user/hdfsname/current/fsimage_0000000000000000000, cpktTxId=0000000000000000000)
2020-02-25 18:56:47,784 INFO org.apache.hadoop.hdfs.server.namenode.FSImageFormatPBINode: Loading 1 INodes.
2020-02-25 18:56:47,810 INFO org.apache.hadoop.hdfs.server.namenode.FSImageFormatProtobuf: Loaded FSImage in 0 seconds.
2020-02-25 18:56:47,810 INFO org.apache.hadoop.hdfs.server.namenode.FSImage: Loaded image for txid 0 from /home/user/hdfsname/current/fsimage_0000000000000000000
2020-02-25 18:56:47,815 INFO org.apache.hadoop.hdfs.server.namenode.FSImage: Initializing quota with 4 thread(s)
2020-02-25 18:56:47,828 INFO org.apache.hadoop.hdfs.server.namenode.FSImage: Quota initialization completed in 13 milliseconds
name space=1
storage space=0
storage types=RAM_DISK=0, SSD=0, DISK=0, ARCHIVE=0
2020-02-25 18:56:47,828 INFO org.apache.hadoop.hdfs.server.namenode.FSNamesystem: Need to save fs image? false (staleImage=false, haEnabled=false, isRollingUpgrade=false)
2020-02-25 18:56:47,828 INFO org.apache.hadoop.hdfs.server.namenode.FSEditLog: Starting log segment at 1
2020-02-25 18:56:48,143 INFO org.apache.hadoop.hdfs.server.namenode.NameCache: initialized with 0 entries 0 lookups
2020-02-25 18:56:48,143 INFO org.apache.hadoop.hdfs.server.namenode.FSNamesystem: Finished loading FSImage in 458 msecs
2020-02-25 18:56:48,311 INFO org.apache.hadoop.hdfs.server.namenode.NameNode: RPC server is binding to master:9000
2020-02-25 18:56:48,317 INFO org.apache.hadoop.ipc.CallQueueManager: Using callQueue: class java.util.concurrent.LinkedBlockingQueue queueCapacity: 1000
2020-02-25 18:56:48,330 INFO org.apache.hadoop.ipc.Server: Starting Socket Reader #1 for port 9000
2020-02-25 18:56:48,465 INFO org.apache.hadoop.hdfs.server.namenode.FSNamesystem: Registered FSNamesystemState MBean
2020-02-25 18:56:48,467 WARN org.apache.hadoop.hdfs.server.common.Util: Path /home/user/hdfsname should be specified as a URI in configuration files. Please update hdfs configuration.
2020-02-25 18:56:48,481 INFO org.apache.hadoop.hdfs.server.namenode.LeaseManager: Number of blocks under construction: 0
2020-02-25 18:56:48,481 INFO org.apache.hadoop.hdfs.server.namenode.LeaseManager: Number of blocks under construction: 0
2020-02-25 18:56:48,481 INFO org.apache.hadoop.hdfs.server.namenode.FSNamesystem: initializing replication queues
2020-02-25 18:56:48,482 INFO org.apache.hadoop.hdfs.StateChange: STATE* Leaving safe mode after 0 secs
2020-02-25 18:56:48,482 INFO org.apache.hadoop.hdfs.StateChange: STATE* Network topology has 0 racks and 0 datanodes
2020-02-25 18:56:48,482 INFO org.apache.hadoop.hdfs.StateChange: STATE* UnderReplicatedBlocks has 0 blocks
2020-02-25 18:56:48,501 INFO org.apache.hadoop.hdfs.server.blockmanagement.DatanodeDescriptor: Number of failed storage changes from 0 to 0
2020-02-25 18:56:48,508 INFO org.apache.hadoop.hdfs.server.blockmanagement.BlockManager: Total number of blocks            = 0
2020-02-25 18:56:48,508 INFO org.apache.hadoop.hdfs.server.blockmanagement.BlockManager: Number of invalid blocks          = 0
2020-02-25 18:56:48,508 INFO org.apache.hadoop.hdfs.server.blockmanagement.BlockManager: Number of under-replicated blocks = 0
2020-02-25 18:56:48,508 INFO org.apache.hadoop.hdfs.server.blockmanagement.BlockManager: Number of  over-replicated blocks = 0
2020-02-25 18:56:48,508 INFO org.apache.hadoop.hdfs.server.blockmanagement.BlockManager: Number of blocks being written    = 0
2020-02-25 18:56:48,508 INFO org.apache.hadoop.hdfs.StateChange: STATE* Replication Queue initialization scan for invalid, over- and under-replicated blocks completed in 27 msec
2020-02-25 18:56:48,542 INFO org.apache.hadoop.ipc.Server: IPC Server Responder: starting
2020-02-25 18:56:48,548 INFO org.apache.hadoop.ipc.Server: IPC Server listener on 9000: starting
2020-02-25 18:56:48,551 INFO org.apache.hadoop.hdfs.server.namenode.NameNode: NameNode RPC up at: master/192.168.0.1:9000
2020-02-25 18:56:48,551 INFO org.apache.hadoop.hdfs.server.namenode.FSNamesystem: Starting services required for active state
2020-02-25 18:56:48,561 INFO org.apache.hadoop.hdfs.server.blockmanagement.CacheReplicationMonitor: Starting CacheReplicationMonitor with interval 30000 milliseconds
2020-02-25 18:56:52,562 INFO org.apache.hadoop.hdfs.StateChange: BLOCK* registerDatanode: from DatanodeRegistration(192.168.0.2:50010, datanodeUuid=bad3e622-a729-4fc9-a4de-fe3ebf8d0ab4, infoPort=50075, infoSecurePort=0, ipcPort=50020, storageInfo=lv=-56;cid=CID-212bc1d3-8f46-48c3-8bef-0b532b514482;nsid=1728871112;c=0) storage bad3e622-a729-4fc9-a4de-fe3ebf8d0ab4
2020-02-25 18:56:52,562 INFO org.apache.hadoop.hdfs.server.blockmanagement.DatanodeDescriptor: Number of failed storage changes from 0 to 0
2020-02-25 18:56:52,564 INFO org.apache.hadoop.net.NetworkTopology: Adding a new node: /default-rack/192.168.0.2:50010
2020-02-25 18:56:52,714 INFO org.apache.hadoop.hdfs.server.blockmanagement.DatanodeDescriptor: Number of failed storage changes from 0 to 0
2020-02-25 18:56:52,714 INFO org.apache.hadoop.hdfs.server.blockmanagement.DatanodeDescriptor: Adding new storage ID DS-1867ae41-7cb9-4051-a96c-ca27be71fb56 for DN 192.168.0.2:50010
2020-02-25 18:56:52,822 INFO BlockStateChange: BLOCK* processReport 0x1adb0617a59: from storage DS-1867ae41-7cb9-4051-a96c-ca27be71fb56 node DatanodeRegistration(192.168.0.2:50010, datanodeUuid=bad3e622-a729-4fc9-a4de-fe3ebf8d0ab4, infoPort=50075, infoSecurePort=0, ipcPort=50020, storageInfo=lv=-56;cid=CID-212bc1d3-8f46-48c3-8bef-0b532b514482;nsid=1728871112;c=0), blocks: 0, hasStaleStorage: false, processing time: 4 msecs
2020-02-25 19:26:15,309 INFO org.apache.hadoop.hdfs.server.namenode.FSNamesystem: Roll Edit Log from 83.212.74.139
2020-02-25 19:26:15,309 INFO org.apache.hadoop.hdfs.server.namenode.FSEditLog: Rolling edit logs
2020-02-25 19:26:15,309 INFO org.apache.hadoop.hdfs.server.namenode.FSEditLog: Ending log segment 1
2020-02-25 19:26:15,310 INFO org.apache.hadoop.hdfs.server.namenode.FSEditLog: Number of transactions: 2 Total time for transactions(ms): 1 Number of transactions batched in Syncs: 0 Number of syncs: 2 SyncTimes(ms): 18 
2020-02-25 19:26:15,312 INFO org.apache.hadoop.hdfs.server.namenode.FSEditLog: Number of transactions: 2 Total time for transactions(ms): 1 Number of transactions batched in Syncs: 0 Number of syncs: 3 SyncTimes(ms): 21 
2020-02-25 19:26:15,314 INFO org.apache.hadoop.hdfs.server.namenode.FileJournalManager: Finalizing edits file /home/user/hdfsname/current/edits_inprogress_0000000000000000001 -> /home/user/hdfsname/current/edits_0000000000000000001-0000000000000000002
2020-02-25 19:26:15,318 INFO org.apache.hadoop.hdfs.server.namenode.FSEditLog: Starting log segment at 3
2020-02-25 19:26:17,060 INFO org.apache.hadoop.hdfs.server.namenode.TransferFsImage: Transfer took 0.00s at 0.00 KB/s
2020-02-25 19:26:17,061 INFO org.apache.hadoop.hdfs.server.namenode.TransferFsImage: Downloaded file fsimage.ckpt_0000000000000000002 size 321 bytes.
2020-02-25 19:26:17,067 INFO org.apache.hadoop.hdfs.server.namenode.NNStorageRetentionManager: Going to retain 2 images with txid >= 0
2020-02-25 19:27:52,818 INFO org.apache.hadoop.hdfs.server.namenode.FSEditLog: Number of transactions: 6 Total time for transactions(ms): 17 Number of transactions batched in Syncs: 0 Number of syncs: 2 SyncTimes(ms): 14 
2020-02-25 19:27:56,929 INFO org.apache.hadoop.hdfs.StateChange: BLOCK* allocate blk_1073741825_1001{UCState=UNDER_CONSTRUCTION, truncateBlock=null, primaryNodeIndex=-1, replicas=[ReplicaUC[[DISK]DS-1867ae41-7cb9-4051-a96c-ca27be71fb56:NORMAL:192.168.0.2:50010|RBW]]} for /user/user/kati.txt/_temporary/0/_temporary/attempt_20200225192752_0007_m_000001_0/part-00001
2020-02-25 19:27:56,939 INFO org.apache.hadoop.hdfs.StateChange: BLOCK* allocate blk_1073741826_1002{UCState=UNDER_CONSTRUCTION, truncateBlock=null, primaryNodeIndex=-1, replicas=[ReplicaUC[[DISK]DS-1867ae41-7cb9-4051-a96c-ca27be71fb56:NORMAL:192.168.0.2:50010|RBW]]} for /user/user/kati.txt/_temporary/0/_temporary/attempt_20200225192752_0007_m_000000_0/part-00000
2020-02-25 19:27:57,498 INFO org.apache.hadoop.hdfs.server.namenode.FSNamesystem: BLOCK* blk_1073741825_1001{UCState=COMMITTED, truncateBlock=null, primaryNodeIndex=-1, replicas=[ReplicaUC[[DISK]DS-1867ae41-7cb9-4051-a96c-ca27be71fb56:NORMAL:192.168.0.2:50010|RBW]]} is not COMPLETE (ucState = COMMITTED, replication# = 0 <  minimum = 1) in file /user/user/kati.txt/_temporary/0/_temporary/attempt_20200225192752_0007_m_000001_0/part-00001
2020-02-25 19:27:57,498 INFO org.apache.hadoop.hdfs.server.namenode.EditLogFileOutputStream: Nothing to flush
2020-02-25 19:27:57,499 INFO org.apache.hadoop.hdfs.server.namenode.FSNamesystem: BLOCK* blk_1073741826_1002{UCState=COMMITTED, truncateBlock=null, primaryNodeIndex=-1, replicas=[ReplicaUC[[DISK]DS-1867ae41-7cb9-4051-a96c-ca27be71fb56:NORMAL:192.168.0.2:50010|RBW]]} is not COMPLETE (ucState = COMMITTED, replication# = 0 <  minimum = 1) in file /user/user/kati.txt/_temporary/0/_temporary/attempt_20200225192752_0007_m_000000_0/part-00000
2020-02-25 19:27:57,499 INFO org.apache.hadoop.hdfs.server.namenode.EditLogFileOutputStream: Nothing to flush
2020-02-25 19:27:57,530 INFO BlockStateChange: BLOCK* addStoredBlock: blockMap updated: 192.168.0.2:50010 is added to blk_1073741826_1002{UCState=COMMITTED, truncateBlock=null, primaryNodeIndex=-1, replicas=[ReplicaUC[[DISK]DS-1867ae41-7cb9-4051-a96c-ca27be71fb56:NORMAL:192.168.0.2:50010|RBW]]} size 18
2020-02-25 19:27:57,531 INFO BlockStateChange: BLOCK* addStoredBlock: blockMap updated: 192.168.0.2:50010 is added to blk_1073741825_1001{UCState=COMMITTED, truncateBlock=null, primaryNodeIndex=-1, replicas=[ReplicaUC[[DISK]DS-1867ae41-7cb9-4051-a96c-ca27be71fb56:NORMAL:192.168.0.2:50010|RBW]]} size 20
2020-02-25 19:27:57,921 INFO org.apache.hadoop.hdfs.StateChange: DIR* completeFile: /user/user/kati.txt/_temporary/0/_temporary/attempt_20200225192752_0007_m_000000_0/part-00000 is closed by DFSClient_attempt_20200225192752_0007_m_000000_0_-281792650_31
2020-02-25 19:27:57,929 INFO org.apache.hadoop.hdfs.StateChange: DIR* completeFile: /user/user/kati.txt/_temporary/0/_temporary/attempt_20200225192752_0007_m_000001_0/part-00001 is closed by DFSClient_attempt_20200225192752_0007_m_000001_0_-2003582252_31
2020-02-25 19:27:58,172 INFO org.apache.hadoop.hdfs.StateChange: DIR* completeFile: /user/user/kati.txt/_SUCCESS is closed by DFSClient_NONMAPREDUCE_1052292478_14
2020-02-25 19:27:58,184 INFO org.apache.hadoop.hdfs.server.namenode.EditLogFileOutputStream: Nothing to flush
2020-02-25 19:30:57,046 INFO org.apache.hadoop.hdfs.server.namenode.top.window.RollingWindowManager: topN size for command getfileinfo is: 0
2020-02-25 19:30:57,046 INFO org.apache.hadoop.hdfs.server.namenode.top.window.RollingWindowManager: topN size for command rename is: 0
2020-02-25 19:30:57,046 INFO org.apache.hadoop.hdfs.server.namenode.top.window.RollingWindowManager: topN size for command mkdirs is: 0
2020-02-25 19:30:57,049 INFO org.apache.hadoop.hdfs.server.namenode.top.window.RollingWindowManager: topN size for command create is: 0
2020-02-25 19:30:57,050 INFO org.apache.hadoop.hdfs.server.namenode.top.window.RollingWindowManager: topN size for command listStatus is: 0
2020-02-25 19:30:57,050 INFO org.apache.hadoop.hdfs.server.namenode.top.window.RollingWindowManager: topN size for command * is: 0
2020-02-25 19:30:57,050 INFO org.apache.hadoop.hdfs.server.namenode.top.window.RollingWindowManager: topN size for command delete is: 0
2020-02-25 19:30:57,050 INFO org.apache.hadoop.hdfs.server.namenode.top.window.RollingWindowManager: topN size for command open is: 0
2020-02-25 19:30:57,051 INFO org.apache.hadoop.hdfs.server.namenode.top.window.RollingWindowManager: topN size for command getfileinfo is: 1
2020-02-25 19:30:57,051 INFO org.apache.hadoop.hdfs.server.namenode.top.window.RollingWindowManager: topN size for command rename is: 1
2020-02-25 19:30:57,051 INFO org.apache.hadoop.hdfs.server.namenode.top.window.RollingWindowManager: topN size for command mkdirs is: 1
2020-02-25 19:30:57,051 INFO org.apache.hadoop.hdfs.server.namenode.top.window.RollingWindowManager: topN size for command create is: 1
2020-02-25 19:30:57,051 INFO org.apache.hadoop.hdfs.server.namenode.top.window.RollingWindowManager: topN size for command listStatus is: 1
2020-02-25 19:30:57,051 INFO org.apache.hadoop.hdfs.server.namenode.top.window.RollingWindowManager: topN size for command * is: 1
2020-02-25 19:30:57,052 INFO org.apache.hadoop.hdfs.server.namenode.top.window.RollingWindowManager: topN size for command delete is: 1
2020-02-25 19:30:57,052 INFO org.apache.hadoop.hdfs.server.namenode.top.window.RollingWindowManager: topN size for command open is: 1
2020-02-25 19:30:57,052 INFO org.apache.hadoop.hdfs.server.namenode.top.window.RollingWindowManager: topN size for command getfileinfo is: 1
2020-02-25 19:30:57,052 INFO org.apache.hadoop.hdfs.server.namenode.top.window.RollingWindowManager: topN size for command rename is: 1
2020-02-25 19:30:57,052 INFO org.apache.hadoop.hdfs.server.namenode.top.window.RollingWindowManager: topN size for command mkdirs is: 1
2020-02-25 19:30:57,052 INFO org.apache.hadoop.hdfs.server.namenode.top.window.RollingWindowManager: topN size for command create is: 1
2020-02-25 19:30:57,052 INFO org.apache.hadoop.hdfs.server.namenode.top.window.RollingWindowManager: topN size for command listStatus is: 1
2020-02-25 19:30:57,052 INFO org.apache.hadoop.hdfs.server.namenode.top.window.RollingWindowManager: topN size for command * is: 1
2020-02-25 19:30:57,052 INFO org.apache.hadoop.hdfs.server.namenode.top.window.RollingWindowManager: topN size for command delete is: 1
2020-02-25 19:30:57,052 INFO org.apache.hadoop.hdfs.server.namenode.top.window.RollingWindowManager: topN size for command open is: 1
2020-02-25 19:32:26,217 INFO org.apache.hadoop.hdfs.server.namenode.FSEditLog: Number of transactions: 30 Total time for transactions(ms): 22 Number of transactions batched in Syncs: 0 Number of syncs: 19 SyncTimes(ms): 54 
2020-02-25 19:32:29,430 INFO org.apache.hadoop.hdfs.StateChange: BLOCK* allocate blk_1073741827_1003{UCState=UNDER_CONSTRUCTION, truncateBlock=null, primaryNodeIndex=-1, replicas=[ReplicaUC[[DISK]DS-1867ae41-7cb9-4051-a96c-ca27be71fb56:NORMAL:192.168.0.2:50010|RBW]]} for /user/user/~/kati.txt/_temporary/0/_temporary/attempt_20200225193226_0003_m_000000_0/part-00000
2020-02-25 19:32:29,539 INFO org.apache.hadoop.hdfs.StateChange: BLOCK* allocate blk_1073741828_1004{UCState=UNDER_CONSTRUCTION, truncateBlock=null, primaryNodeIndex=-1, replicas=[ReplicaUC[[DISK]DS-1867ae41-7cb9-4051-a96c-ca27be71fb56:NORMAL:192.168.0.2:50010|RBW]]} for /user/user/~/kati.txt/_temporary/0/_temporary/attempt_20200225193226_0003_m_000001_0/part-00001
2020-02-25 19:32:29,663 INFO BlockStateChange: BLOCK* addStoredBlock: blockMap updated: 192.168.0.2:50010 is added to blk_1073741827_1003{UCState=UNDER_CONSTRUCTION, truncateBlock=null, primaryNodeIndex=-1, replicas=[ReplicaUC[[DISK]DS-1867ae41-7cb9-4051-a96c-ca27be71fb56:NORMAL:192.168.0.2:50010|RBW]]} size 0
2020-02-25 19:32:29,668 INFO org.apache.hadoop.hdfs.StateChange: DIR* completeFile: /user/user/~/kati.txt/_temporary/0/_temporary/attempt_20200225193226_0003_m_000000_0/part-00000 is closed by DFSClient_attempt_20200225193226_0003_m_000000_0_-1411853386_29
2020-02-25 19:32:29,806 INFO BlockStateChange: BLOCK* addStoredBlock: blockMap updated: 192.168.0.2:50010 is added to blk_1073741828_1004{UCState=UNDER_CONSTRUCTION, truncateBlock=null, primaryNodeIndex=-1, replicas=[ReplicaUC[[DISK]DS-1867ae41-7cb9-4051-a96c-ca27be71fb56:NORMAL:192.168.0.2:50010|RBW]]} size 0
2020-02-25 19:32:29,812 INFO org.apache.hadoop.hdfs.StateChange: DIR* completeFile: /user/user/~/kati.txt/_temporary/0/_temporary/attempt_20200225193226_0003_m_000001_0/part-00001 is closed by DFSClient_attempt_20200225193226_0003_m_000001_0_-1169003784_29
2020-02-25 19:32:29,992 INFO org.apache.hadoop.hdfs.StateChange: DIR* completeFile: /user/user/~/kati.txt/_SUCCESS is closed by DFSClient_NONMAPREDUCE_135681406_14
2020-02-25 19:49:53,192 INFO org.apache.hadoop.hdfs.server.namenode.FSEditLog: Number of transactions: 51 Total time for transactions(ms): 27 Number of transactions batched in Syncs: 1 Number of syncs: 33 SyncTimes(ms): 87 
2020-02-25 19:49:53,273 INFO org.apache.hadoop.hdfs.StateChange: BLOCK* allocate blk_1073741829_1005{UCState=UNDER_CONSTRUCTION, truncateBlock=null, primaryNodeIndex=-1, replicas=[ReplicaUC[[DISK]DS-1867ae41-7cb9-4051-a96c-ca27be71fb56:NORMAL:192.168.0.2:50010|RBW]]} for /yellow_tripdata_1m.csv._COPYING_
2020-02-25 19:49:54,679 INFO BlockStateChange: BLOCK* addStoredBlock: blockMap updated: 192.168.0.2:50010 is added to blk_1073741829_1005{UCState=UNDER_CONSTRUCTION, truncateBlock=null, primaryNodeIndex=-1, replicas=[ReplicaUC[[DISK]DS-1867ae41-7cb9-4051-a96c-ca27be71fb56:NORMAL:192.168.0.2:50010|RBW]]} size 0
2020-02-25 19:49:54,681 INFO org.apache.hadoop.hdfs.StateChange: BLOCK* allocate blk_1073741830_1006{UCState=UNDER_CONSTRUCTION, truncateBlock=null, primaryNodeIndex=-1, replicas=[ReplicaUC[[DISK]DS-1867ae41-7cb9-4051-a96c-ca27be71fb56:NORMAL:192.168.0.2:50010|RBW]]} for /yellow_tripdata_1m.csv._COPYING_
2020-02-25 19:49:55,802 INFO BlockStateChange: BLOCK* addStoredBlock: blockMap updated: 192.168.0.2:50010 is added to blk_1073741830_1006{UCState=UNDER_CONSTRUCTION, truncateBlock=null, primaryNodeIndex=-1, replicas=[ReplicaUC[[DISK]DS-1867ae41-7cb9-4051-a96c-ca27be71fb56:NORMAL:192.168.0.2:50010|RBW]]} size 0
2020-02-25 19:49:55,805 INFO org.apache.hadoop.hdfs.StateChange: BLOCK* allocate blk_1073741831_1007{UCState=UNDER_CONSTRUCTION, truncateBlock=null, primaryNodeIndex=-1, replicas=[ReplicaUC[[DISK]DS-1867ae41-7cb9-4051-a96c-ca27be71fb56:NORMAL:192.168.0.2:50010|RBW]]} for /yellow_tripdata_1m.csv._COPYING_
2020-02-25 19:49:57,095 INFO BlockStateChange: BLOCK* addStoredBlock: blockMap updated: 192.168.0.2:50010 is added to blk_1073741831_1007{UCState=UNDER_CONSTRUCTION, truncateBlock=null, primaryNodeIndex=-1, replicas=[ReplicaUC[[DISK]DS-1867ae41-7cb9-4051-a96c-ca27be71fb56:NORMAL:192.168.0.2:50010|RBW]]} size 0
2020-02-25 19:49:57,097 INFO org.apache.hadoop.hdfs.StateChange: BLOCK* allocate blk_1073741832_1008{UCState=UNDER_CONSTRUCTION, truncateBlock=null, primaryNodeIndex=-1, replicas=[ReplicaUC[[DISK]DS-1867ae41-7cb9-4051-a96c-ca27be71fb56:NORMAL:192.168.0.2:50010|RBW]]} for /yellow_tripdata_1m.csv._COPYING_
2020-02-25 19:49:58,100 INFO BlockStateChange: BLOCK* addStoredBlock: blockMap updated: 192.168.0.2:50010 is added to blk_1073741832_1008{UCState=UNDER_CONSTRUCTION, truncateBlock=null, primaryNodeIndex=-1, replicas=[ReplicaUC[[DISK]DS-1867ae41-7cb9-4051-a96c-ca27be71fb56:NORMAL:192.168.0.2:50010|RBW]]} size 0
2020-02-25 19:49:58,102 INFO org.apache.hadoop.hdfs.StateChange: BLOCK* allocate blk_1073741833_1009{UCState=UNDER_CONSTRUCTION, truncateBlock=null, primaryNodeIndex=-1, replicas=[ReplicaUC[[DISK]DS-1867ae41-7cb9-4051-a96c-ca27be71fb56:NORMAL:192.168.0.2:50010|RBW]]} for /yellow_tripdata_1m.csv._COPYING_
2020-02-25 19:49:59,315 INFO BlockStateChange: BLOCK* addStoredBlock: blockMap updated: 192.168.0.2:50010 is added to blk_1073741833_1009{UCState=UNDER_CONSTRUCTION, truncateBlock=null, primaryNodeIndex=-1, replicas=[ReplicaUC[[DISK]DS-1867ae41-7cb9-4051-a96c-ca27be71fb56:NORMAL:192.168.0.2:50010|RBW]]} size 0
2020-02-25 19:49:59,316 INFO org.apache.hadoop.hdfs.StateChange: BLOCK* allocate blk_1073741834_1010{UCState=UNDER_CONSTRUCTION, truncateBlock=null, primaryNodeIndex=-1, replicas=[ReplicaUC[[DISK]DS-1867ae41-7cb9-4051-a96c-ca27be71fb56:NORMAL:192.168.0.2:50010|RBW]]} for /yellow_tripdata_1m.csv._COPYING_
2020-02-25 19:50:00,703 INFO BlockStateChange: BLOCK* addStoredBlock: blockMap updated: 192.168.0.2:50010 is added to blk_1073741834_1010{UCState=UNDER_CONSTRUCTION, truncateBlock=null, primaryNodeIndex=-1, replicas=[ReplicaUC[[DISK]DS-1867ae41-7cb9-4051-a96c-ca27be71fb56:NORMAL:192.168.0.2:50010|RBW]]} size 0
2020-02-25 19:50:00,704 INFO org.apache.hadoop.hdfs.StateChange: BLOCK* allocate blk_1073741835_1011{UCState=UNDER_CONSTRUCTION, truncateBlock=null, primaryNodeIndex=-1, replicas=[ReplicaUC[[DISK]DS-1867ae41-7cb9-4051-a96c-ca27be71fb56:NORMAL:192.168.0.2:50010|RBW]]} for /yellow_tripdata_1m.csv._COPYING_
2020-02-25 19:50:02,117 INFO BlockStateChange: BLOCK* addStoredBlock: blockMap updated: 192.168.0.2:50010 is added to blk_1073741835_1011{UCState=UNDER_CONSTRUCTION, truncateBlock=null, primaryNodeIndex=-1, replicas=[ReplicaUC[[DISK]DS-1867ae41-7cb9-4051-a96c-ca27be71fb56:NORMAL:192.168.0.2:50010|RBW]]} size 0
2020-02-25 19:50:02,126 INFO org.apache.hadoop.hdfs.StateChange: BLOCK* allocate blk_1073741836_1012{UCState=UNDER_CONSTRUCTION, truncateBlock=null, primaryNodeIndex=-1, replicas=[ReplicaUC[[DISK]DS-1867ae41-7cb9-4051-a96c-ca27be71fb56:NORMAL:192.168.0.2:50010|RBW]]} for /yellow_tripdata_1m.csv._COPYING_
2020-02-25 19:50:03,105 INFO BlockStateChange: BLOCK* addStoredBlock: blockMap updated: 192.168.0.2:50010 is added to blk_1073741836_1012{UCState=UNDER_CONSTRUCTION, truncateBlock=null, primaryNodeIndex=-1, replicas=[ReplicaUC[[DISK]DS-1867ae41-7cb9-4051-a96c-ca27be71fb56:NORMAL:192.168.0.2:50010|RBW]]} size 0
2020-02-25 19:50:03,108 INFO org.apache.hadoop.hdfs.StateChange: BLOCK* allocate blk_1073741837_1013{UCState=UNDER_CONSTRUCTION, truncateBlock=null, primaryNodeIndex=-1, replicas=[ReplicaUC[[DISK]DS-1867ae41-7cb9-4051-a96c-ca27be71fb56:NORMAL:192.168.0.2:50010|RBW]]} for /yellow_tripdata_1m.csv._COPYING_
2020-02-25 19:50:05,015 INFO BlockStateChange: BLOCK* addStoredBlock: blockMap updated: 192.168.0.2:50010 is added to blk_1073741837_1013{UCState=UNDER_CONSTRUCTION, truncateBlock=null, primaryNodeIndex=-1, replicas=[ReplicaUC[[DISK]DS-1867ae41-7cb9-4051-a96c-ca27be71fb56:NORMAL:192.168.0.2:50010|RBW]]} size 0
2020-02-25 19:50:05,017 INFO org.apache.hadoop.hdfs.StateChange: BLOCK* allocate blk_1073741838_1014{UCState=UNDER_CONSTRUCTION, truncateBlock=null, primaryNodeIndex=-1, replicas=[ReplicaUC[[DISK]DS-1867ae41-7cb9-4051-a96c-ca27be71fb56:NORMAL:192.168.0.2:50010|RBW]]} for /yellow_tripdata_1m.csv._COPYING_
2020-02-25 19:50:06,003 INFO BlockStateChange: BLOCK* addStoredBlock: blockMap updated: 192.168.0.2:50010 is added to blk_1073741838_1014{UCState=UNDER_CONSTRUCTION, truncateBlock=null, primaryNodeIndex=-1, replicas=[ReplicaUC[[DISK]DS-1867ae41-7cb9-4051-a96c-ca27be71fb56:NORMAL:192.168.0.2:50010|RBW]]} size 0
2020-02-25 19:50:06,004 INFO org.apache.hadoop.hdfs.StateChange: BLOCK* allocate blk_1073741839_1015{UCState=UNDER_CONSTRUCTION, truncateBlock=null, primaryNodeIndex=-1, replicas=[ReplicaUC[[DISK]DS-1867ae41-7cb9-4051-a96c-ca27be71fb56:NORMAL:192.168.0.2:50010|RBW]]} for /yellow_tripdata_1m.csv._COPYING_
2020-02-25 19:50:07,093 INFO BlockStateChange: BLOCK* addStoredBlock: blockMap updated: 192.168.0.2:50010 is added to blk_1073741839_1015{UCState=UNDER_CONSTRUCTION, truncateBlock=null, primaryNodeIndex=-1, replicas=[ReplicaUC[[DISK]DS-1867ae41-7cb9-4051-a96c-ca27be71fb56:NORMAL:192.168.0.2:50010|RBW]]} size 0
2020-02-25 19:50:07,095 INFO org.apache.hadoop.hdfs.StateChange: BLOCK* allocate blk_1073741840_1016{UCState=UNDER_CONSTRUCTION, truncateBlock=null, primaryNodeIndex=-1, replicas=[ReplicaUC[[DISK]DS-1867ae41-7cb9-4051-a96c-ca27be71fb56:NORMAL:192.168.0.2:50010|RBW]]} for /yellow_tripdata_1m.csv._COPYING_
2020-02-25 19:50:08,906 INFO BlockStateChange: BLOCK* addStoredBlock: blockMap updated: 192.168.0.2:50010 is added to blk_1073741840_1016{UCState=UNDER_CONSTRUCTION, truncateBlock=null, primaryNodeIndex=-1, replicas=[ReplicaUC[[DISK]DS-1867ae41-7cb9-4051-a96c-ca27be71fb56:NORMAL:192.168.0.2:50010|RBW]]} size 0
2020-02-25 19:50:08,908 INFO org.apache.hadoop.hdfs.StateChange: BLOCK* allocate blk_1073741841_1017{UCState=UNDER_CONSTRUCTION, truncateBlock=null, primaryNodeIndex=-1, replicas=[ReplicaUC[[DISK]DS-1867ae41-7cb9-4051-a96c-ca27be71fb56:NORMAL:192.168.0.2:50010|RBW]]} for /yellow_tripdata_1m.csv._COPYING_
2020-02-25 19:50:10,044 INFO BlockStateChange: BLOCK* addStoredBlock: blockMap updated: 192.168.0.2:50010 is added to blk_1073741841_1017{UCState=UNDER_CONSTRUCTION, truncateBlock=null, primaryNodeIndex=-1, replicas=[ReplicaUC[[DISK]DS-1867ae41-7cb9-4051-a96c-ca27be71fb56:NORMAL:192.168.0.2:50010|RBW]]} size 0
2020-02-25 19:50:10,046 INFO org.apache.hadoop.hdfs.StateChange: BLOCK* allocate blk_1073741842_1018{UCState=UNDER_CONSTRUCTION, truncateBlock=null, primaryNodeIndex=-1, replicas=[ReplicaUC[[DISK]DS-1867ae41-7cb9-4051-a96c-ca27be71fb56:NORMAL:192.168.0.2:50010|RBW]]} for /yellow_tripdata_1m.csv._COPYING_
2020-02-25 19:50:11,479 INFO BlockStateChange: BLOCK* addStoredBlock: blockMap updated: 192.168.0.2:50010 is added to blk_1073741842_1018{UCState=UNDER_CONSTRUCTION, truncateBlock=null, primaryNodeIndex=-1, replicas=[ReplicaUC[[DISK]DS-1867ae41-7cb9-4051-a96c-ca27be71fb56:NORMAL:192.168.0.2:50010|RBW]]} size 0
2020-02-25 19:50:11,480 INFO org.apache.hadoop.hdfs.StateChange: BLOCK* allocate blk_1073741843_1019{UCState=UNDER_CONSTRUCTION, truncateBlock=null, primaryNodeIndex=-1, replicas=[ReplicaUC[[DISK]DS-1867ae41-7cb9-4051-a96c-ca27be71fb56:NORMAL:192.168.0.2:50010|RBW]]} for /yellow_tripdata_1m.csv._COPYING_
2020-02-25 19:50:12,549 INFO BlockStateChange: BLOCK* addStoredBlock: blockMap updated: 192.168.0.2:50010 is added to blk_1073741843_1019{UCState=UNDER_CONSTRUCTION, truncateBlock=null, primaryNodeIndex=-1, replicas=[ReplicaUC[[DISK]DS-1867ae41-7cb9-4051-a96c-ca27be71fb56:NORMAL:192.168.0.2:50010|RBW]]} size 0
2020-02-25 19:50:12,551 INFO org.apache.hadoop.hdfs.StateChange: BLOCK* allocate blk_1073741844_1020{UCState=UNDER_CONSTRUCTION, truncateBlock=null, primaryNodeIndex=-1, replicas=[ReplicaUC[[DISK]DS-1867ae41-7cb9-4051-a96c-ca27be71fb56:NORMAL:192.168.0.2:50010|RBW]]} for /yellow_tripdata_1m.csv._COPYING_
2020-02-25 19:50:13,999 INFO BlockStateChange: BLOCK* addStoredBlock: blockMap updated: 192.168.0.2:50010 is added to blk_1073741844_1020{UCState=UNDER_CONSTRUCTION, truncateBlock=null, primaryNodeIndex=-1, replicas=[ReplicaUC[[DISK]DS-1867ae41-7cb9-4051-a96c-ca27be71fb56:NORMAL:192.168.0.2:50010|RBW]]} size 0
2020-02-25 19:50:14,005 INFO org.apache.hadoop.hdfs.StateChange: BLOCK* allocate blk_1073741845_1021{UCState=UNDER_CONSTRUCTION, truncateBlock=null, primaryNodeIndex=-1, replicas=[ReplicaUC[[DISK]DS-1867ae41-7cb9-4051-a96c-ca27be71fb56:NORMAL:192.168.0.2:50010|RBW]]} for /yellow_tripdata_1m.csv._COPYING_
2020-02-25 19:50:15,015 INFO BlockStateChange: BLOCK* addStoredBlock: blockMap updated: 192.168.0.2:50010 is added to blk_1073741845_1021{UCState=UNDER_CONSTRUCTION, truncateBlock=null, primaryNodeIndex=-1, replicas=[ReplicaUC[[DISK]DS-1867ae41-7cb9-4051-a96c-ca27be71fb56:NORMAL:192.168.0.2:50010|RBW]]} size 0
2020-02-25 19:50:15,017 INFO org.apache.hadoop.hdfs.StateChange: BLOCK* allocate blk_1073741846_1022{UCState=UNDER_CONSTRUCTION, truncateBlock=null, primaryNodeIndex=-1, replicas=[ReplicaUC[[DISK]DS-1867ae41-7cb9-4051-a96c-ca27be71fb56:NORMAL:192.168.0.2:50010|RBW]]} for /yellow_tripdata_1m.csv._COPYING_
2020-02-25 19:50:19,230 INFO BlockStateChange: BLOCK* addStoredBlock: blockMap updated: 192.168.0.2:50010 is added to blk_1073741846_1022{UCState=UNDER_CONSTRUCTION, truncateBlock=null, primaryNodeIndex=-1, replicas=[ReplicaUC[[DISK]DS-1867ae41-7cb9-4051-a96c-ca27be71fb56:NORMAL:192.168.0.2:50010|RBW]]} size 0
2020-02-25 19:50:19,231 INFO org.apache.hadoop.hdfs.StateChange: BLOCK* allocate blk_1073741847_1023{UCState=UNDER_CONSTRUCTION, truncateBlock=null, primaryNodeIndex=-1, replicas=[ReplicaUC[[DISK]DS-1867ae41-7cb9-4051-a96c-ca27be71fb56:NORMAL:192.168.0.2:50010|RBW]]} for /yellow_tripdata_1m.csv._COPYING_
2020-02-25 19:50:20,323 INFO BlockStateChange: BLOCK* addStoredBlock: blockMap updated: 192.168.0.2:50010 is added to blk_1073741847_1023{UCState=UNDER_CONSTRUCTION, truncateBlock=null, primaryNodeIndex=-1, replicas=[ReplicaUC[[DISK]DS-1867ae41-7cb9-4051-a96c-ca27be71fb56:NORMAL:192.168.0.2:50010|RBW]]} size 0
2020-02-25 19:50:20,327 INFO org.apache.hadoop.hdfs.StateChange: BLOCK* allocate blk_1073741848_1024{UCState=UNDER_CONSTRUCTION, truncateBlock=null, primaryNodeIndex=-1, replicas=[ReplicaUC[[DISK]DS-1867ae41-7cb9-4051-a96c-ca27be71fb56:NORMAL:192.168.0.2:50010|RBW]]} for /yellow_tripdata_1m.csv._COPYING_
2020-02-25 19:50:21,350 INFO BlockStateChange: BLOCK* addStoredBlock: blockMap updated: 192.168.0.2:50010 is added to blk_1073741848_1024{UCState=UNDER_CONSTRUCTION, truncateBlock=null, primaryNodeIndex=-1, replicas=[ReplicaUC[[DISK]DS-1867ae41-7cb9-4051-a96c-ca27be71fb56:NORMAL:192.168.0.2:50010|RBW]]} size 0
2020-02-25 19:50:21,353 INFO org.apache.hadoop.hdfs.StateChange: BLOCK* allocate blk_1073741849_1025{UCState=UNDER_CONSTRUCTION, truncateBlock=null, primaryNodeIndex=-1, replicas=[ReplicaUC[[DISK]DS-1867ae41-7cb9-4051-a96c-ca27be71fb56:NORMAL:192.168.0.2:50010|RBW]]} for /yellow_tripdata_1m.csv._COPYING_
2020-02-25 19:50:22,395 INFO BlockStateChange: BLOCK* addStoredBlock: blockMap updated: 192.168.0.2:50010 is added to blk_1073741849_1025{UCState=UNDER_CONSTRUCTION, truncateBlock=null, primaryNodeIndex=-1, replicas=[ReplicaUC[[DISK]DS-1867ae41-7cb9-4051-a96c-ca27be71fb56:NORMAL:192.168.0.2:50010|RBW]]} size 0
2020-02-25 19:50:22,400 INFO org.apache.hadoop.hdfs.StateChange: BLOCK* allocate blk_1073741850_1026{UCState=UNDER_CONSTRUCTION, truncateBlock=null, primaryNodeIndex=-1, replicas=[ReplicaUC[[DISK]DS-1867ae41-7cb9-4051-a96c-ca27be71fb56:NORMAL:192.168.0.2:50010|RBW]]} for /yellow_tripdata_1m.csv._COPYING_
2020-02-25 19:50:23,994 INFO BlockStateChange: BLOCK* addStoredBlock: blockMap updated: 192.168.0.2:50010 is added to blk_1073741850_1026{UCState=UNDER_CONSTRUCTION, truncateBlock=null, primaryNodeIndex=-1, replicas=[ReplicaUC[[DISK]DS-1867ae41-7cb9-4051-a96c-ca27be71fb56:NORMAL:192.168.0.2:50010|RBW]]} size 0
2020-02-25 19:50:23,997 INFO org.apache.hadoop.hdfs.StateChange: BLOCK* allocate blk_1073741851_1027{UCState=UNDER_CONSTRUCTION, truncateBlock=null, primaryNodeIndex=-1, replicas=[ReplicaUC[[DISK]DS-1867ae41-7cb9-4051-a96c-ca27be71fb56:NORMAL:192.168.0.2:50010|RBW]]} for /yellow_tripdata_1m.csv._COPYING_
2020-02-25 19:50:25,088 INFO BlockStateChange: BLOCK* addStoredBlock: blockMap updated: 192.168.0.2:50010 is added to blk_1073741851_1027{UCState=UNDER_CONSTRUCTION, truncateBlock=null, primaryNodeIndex=-1, replicas=[ReplicaUC[[DISK]DS-1867ae41-7cb9-4051-a96c-ca27be71fb56:NORMAL:192.168.0.2:50010|RBW]]} size 0
2020-02-25 19:50:25,091 INFO org.apache.hadoop.hdfs.StateChange: BLOCK* allocate blk_1073741852_1028{UCState=UNDER_CONSTRUCTION, truncateBlock=null, primaryNodeIndex=-1, replicas=[ReplicaUC[[DISK]DS-1867ae41-7cb9-4051-a96c-ca27be71fb56:NORMAL:192.168.0.2:50010|RBW]]} for /yellow_tripdata_1m.csv._COPYING_
2020-02-25 19:50:26,254 INFO BlockStateChange: BLOCK* addStoredBlock: blockMap updated: 192.168.0.2:50010 is added to blk_1073741852_1028{UCState=UNDER_CONSTRUCTION, truncateBlock=null, primaryNodeIndex=-1, replicas=[ReplicaUC[[DISK]DS-1867ae41-7cb9-4051-a96c-ca27be71fb56:NORMAL:192.168.0.2:50010|RBW]]} size 0
2020-02-25 19:50:26,256 INFO org.apache.hadoop.hdfs.StateChange: BLOCK* allocate blk_1073741853_1029{UCState=UNDER_CONSTRUCTION, truncateBlock=null, primaryNodeIndex=-1, replicas=[ReplicaUC[[DISK]DS-1867ae41-7cb9-4051-a96c-ca27be71fb56:NORMAL:192.168.0.2:50010|RBW]]} for /yellow_tripdata_1m.csv._COPYING_
2020-02-25 19:50:27,292 INFO BlockStateChange: BLOCK* addStoredBlock: blockMap updated: 192.168.0.2:50010 is added to blk_1073741853_1029{UCState=UNDER_CONSTRUCTION, truncateBlock=null, primaryNodeIndex=-1, replicas=[ReplicaUC[[DISK]DS-1867ae41-7cb9-4051-a96c-ca27be71fb56:NORMAL:192.168.0.2:50010|RBW]]} size 0
2020-02-25 19:50:27,294 INFO org.apache.hadoop.hdfs.StateChange: BLOCK* allocate blk_1073741854_1030{UCState=UNDER_CONSTRUCTION, truncateBlock=null, primaryNodeIndex=-1, replicas=[ReplicaUC[[DISK]DS-1867ae41-7cb9-4051-a96c-ca27be71fb56:NORMAL:192.168.0.2:50010|RBW]]} for /yellow_tripdata_1m.csv._COPYING_
2020-02-25 19:50:28,409 INFO BlockStateChange: BLOCK* addStoredBlock: blockMap updated: 192.168.0.2:50010 is added to blk_1073741854_1030{UCState=UNDER_CONSTRUCTION, truncateBlock=null, primaryNodeIndex=-1, replicas=[ReplicaUC[[DISK]DS-1867ae41-7cb9-4051-a96c-ca27be71fb56:NORMAL:192.168.0.2:50010|RBW]]} size 0
2020-02-25 19:50:28,411 INFO org.apache.hadoop.hdfs.StateChange: BLOCK* allocate blk_1073741855_1031{UCState=UNDER_CONSTRUCTION, truncateBlock=null, primaryNodeIndex=-1, replicas=[ReplicaUC[[DISK]DS-1867ae41-7cb9-4051-a96c-ca27be71fb56:NORMAL:192.168.0.2:50010|RBW]]} for /yellow_tripdata_1m.csv._COPYING_
2020-02-25 19:50:29,409 INFO BlockStateChange: BLOCK* addStoredBlock: blockMap updated: 192.168.0.2:50010 is added to blk_1073741855_1031{UCState=UNDER_CONSTRUCTION, truncateBlock=null, primaryNodeIndex=-1, replicas=[ReplicaUC[[DISK]DS-1867ae41-7cb9-4051-a96c-ca27be71fb56:NORMAL:192.168.0.2:50010|RBW]]} size 0
2020-02-25 19:50:29,415 INFO org.apache.hadoop.hdfs.StateChange: DIR* completeFile: /yellow_tripdata_1m.csv._COPYING_ is closed by DFSClient_NONMAPREDUCE_1469580329_1
2020-02-25 19:51:07,541 INFO org.apache.hadoop.hdfs.server.namenode.top.window.RollingWindowManager: topN size for command getfileinfo is: 0
2020-02-25 19:51:07,541 INFO org.apache.hadoop.hdfs.server.namenode.top.window.RollingWindowManager: topN size for command rename is: 1
2020-02-25 19:51:07,541 INFO org.apache.hadoop.hdfs.server.namenode.top.window.RollingWindowManager: topN size for command mkdirs is: 0
2020-02-25 19:51:07,541 INFO org.apache.hadoop.hdfs.server.namenode.top.window.RollingWindowManager: topN size for command create is: 0
2020-02-25 19:51:07,541 INFO org.apache.hadoop.hdfs.server.namenode.top.window.RollingWindowManager: topN size for command listStatus is: 0
2020-02-25 19:51:07,541 INFO org.apache.hadoop.hdfs.server.namenode.top.window.RollingWindowManager: topN size for command * is: 1
2020-02-25 19:51:07,541 INFO org.apache.hadoop.hdfs.server.namenode.top.window.RollingWindowManager: topN size for command delete is: 0
2020-02-25 19:51:07,541 INFO org.apache.hadoop.hdfs.server.namenode.top.window.RollingWindowManager: topN size for command open is: 0
2020-02-25 19:51:07,541 INFO org.apache.hadoop.hdfs.server.namenode.top.window.RollingWindowManager: topN size for command getfileinfo is: 1
2020-02-25 19:51:07,541 INFO org.apache.hadoop.hdfs.server.namenode.top.window.RollingWindowManager: topN size for command rename is: 1
2020-02-25 19:51:07,541 INFO org.apache.hadoop.hdfs.server.namenode.top.window.RollingWindowManager: topN size for command mkdirs is: 0
2020-02-25 19:51:07,541 INFO org.apache.hadoop.hdfs.server.namenode.top.window.RollingWindowManager: topN size for command create is: 1
2020-02-25 19:51:07,542 INFO org.apache.hadoop.hdfs.server.namenode.top.window.RollingWindowManager: topN size for command listStatus is: 0
2020-02-25 19:51:07,542 INFO org.apache.hadoop.hdfs.server.namenode.top.window.RollingWindowManager: topN size for command * is: 1
2020-02-25 19:51:07,542 INFO org.apache.hadoop.hdfs.server.namenode.top.window.RollingWindowManager: topN size for command delete is: 0
2020-02-25 19:51:07,542 INFO org.apache.hadoop.hdfs.server.namenode.top.window.RollingWindowManager: topN size for command open is: 0
2020-02-25 19:51:07,542 INFO org.apache.hadoop.hdfs.server.namenode.top.window.RollingWindowManager: topN size for command getfileinfo is: 1
2020-02-25 19:51:07,542 INFO org.apache.hadoop.hdfs.server.namenode.top.window.RollingWindowManager: topN size for command rename is: 1
2020-02-25 19:51:07,542 INFO org.apache.hadoop.hdfs.server.namenode.top.window.RollingWindowManager: topN size for command mkdirs is: 1
2020-02-25 19:51:07,543 INFO org.apache.hadoop.hdfs.server.namenode.top.window.RollingWindowManager: topN size for command create is: 1
2020-02-25 19:51:07,545 INFO org.apache.hadoop.hdfs.server.namenode.top.window.RollingWindowManager: topN size for command listStatus is: 1
2020-02-25 19:51:07,545 INFO org.apache.hadoop.hdfs.server.namenode.top.window.RollingWindowManager: topN size for command * is: 1
2020-02-25 19:51:07,545 INFO org.apache.hadoop.hdfs.server.namenode.top.window.RollingWindowManager: topN size for command delete is: 1
2020-02-25 19:51:07,545 INFO org.apache.hadoop.hdfs.server.namenode.top.window.RollingWindowManager: topN size for command open is: 1
2020-02-25 19:51:55,051 INFO org.apache.hadoop.hdfs.server.namenode.top.window.RollingWindowManager: topN size for command getfileinfo is: 0
2020-02-25 19:51:55,051 INFO org.apache.hadoop.hdfs.server.namenode.top.window.RollingWindowManager: topN size for command rename is: 0
2020-02-25 19:51:55,051 INFO org.apache.hadoop.hdfs.server.namenode.top.window.RollingWindowManager: topN size for command mkdirs is: 0
2020-02-25 19:51:55,051 INFO org.apache.hadoop.hdfs.server.namenode.top.window.RollingWindowManager: topN size for command create is: 0
2020-02-25 19:51:55,051 INFO org.apache.hadoop.hdfs.server.namenode.top.window.RollingWindowManager: topN size for command listStatus is: 1
2020-02-25 19:51:55,051 INFO org.apache.hadoop.hdfs.server.namenode.top.window.RollingWindowManager: topN size for command * is: 1
2020-02-25 19:51:55,051 INFO org.apache.hadoop.hdfs.server.namenode.top.window.RollingWindowManager: topN size for command delete is: 0
2020-02-25 19:51:55,051 INFO org.apache.hadoop.hdfs.server.namenode.top.window.RollingWindowManager: topN size for command open is: 0
2020-02-25 19:51:55,051 INFO org.apache.hadoop.hdfs.server.namenode.top.window.RollingWindowManager: topN size for command getfileinfo is: 1
2020-02-25 19:51:55,052 INFO org.apache.hadoop.hdfs.server.namenode.top.window.RollingWindowManager: topN size for command rename is: 1
2020-02-25 19:51:55,052 INFO org.apache.hadoop.hdfs.server.namenode.top.window.RollingWindowManager: topN size for command mkdirs is: 0
2020-02-25 19:51:55,052 INFO org.apache.hadoop.hdfs.server.namenode.top.window.RollingWindowManager: topN size for command create is: 1
2020-02-25 19:51:55,052 INFO org.apache.hadoop.hdfs.server.namenode.top.window.RollingWindowManager: topN size for command listStatus is: 1
2020-02-25 19:51:55,052 INFO org.apache.hadoop.hdfs.server.namenode.top.window.RollingWindowManager: topN size for command * is: 2
2020-02-25 19:51:55,052 INFO org.apache.hadoop.hdfs.server.namenode.top.window.RollingWindowManager: topN size for command delete is: 0
2020-02-25 19:51:55,052 INFO org.apache.hadoop.hdfs.server.namenode.top.window.RollingWindowManager: topN size for command open is: 0
2020-02-25 19:51:55,052 INFO org.apache.hadoop.hdfs.server.namenode.top.window.RollingWindowManager: topN size for command getfileinfo is: 1
2020-02-25 19:51:55,052 INFO org.apache.hadoop.hdfs.server.namenode.top.window.RollingWindowManager: topN size for command rename is: 1
2020-02-25 19:51:55,052 INFO org.apache.hadoop.hdfs.server.namenode.top.window.RollingWindowManager: topN size for command mkdirs is: 1
2020-02-25 19:51:55,052 INFO org.apache.hadoop.hdfs.server.namenode.top.window.RollingWindowManager: topN size for command create is: 1
2020-02-25 19:51:55,052 INFO org.apache.hadoop.hdfs.server.namenode.top.window.RollingWindowManager: topN size for command listStatus is: 2
2020-02-25 19:51:55,052 INFO org.apache.hadoop.hdfs.server.namenode.top.window.RollingWindowManager: topN size for command * is: 2
2020-02-25 19:51:55,052 INFO org.apache.hadoop.hdfs.server.namenode.top.window.RollingWindowManager: topN size for command delete is: 1
2020-02-25 19:51:55,052 INFO org.apache.hadoop.hdfs.server.namenode.top.window.RollingWindowManager: topN size for command open is: 1
2020-02-25 20:00:57,921 INFO org.apache.hadoop.hdfs.server.namenode.FSEditLog: Number of transactions: 135 Total time for transactions(ms): 28 Number of transactions batched in Syncs: 1 Number of syncs: 63 SyncTimes(ms): 556 
2020-02-25 20:00:57,966 INFO org.apache.hadoop.hdfs.StateChange: BLOCK* allocate blk_1073741856_1032{UCState=UNDER_CONSTRUCTION, truncateBlock=null, primaryNodeIndex=-1, replicas=[ReplicaUC[[DISK]DS-1867ae41-7cb9-4051-a96c-ca27be71fb56:NORMAL:192.168.0.2:50010|RBW]]} for /final_results._COPYING_
2020-02-25 20:00:58,198 INFO BlockStateChange: BLOCK* addStoredBlock: blockMap updated: 192.168.0.2:50010 is added to blk_1073741856_1032{UCState=UNDER_CONSTRUCTION, truncateBlock=null, primaryNodeIndex=-1, replicas=[ReplicaUC[[DISK]DS-1867ae41-7cb9-4051-a96c-ca27be71fb56:NORMAL:192.168.0.2:50010|RBW]]} size 0
2020-02-25 20:00:58,204 INFO org.apache.hadoop.hdfs.StateChange: DIR* completeFile: /final_results._COPYING_ is closed by DFSClient_NONMAPREDUCE_288855809_1
2020-02-25 20:26:17,617 INFO org.apache.hadoop.hdfs.server.namenode.FSNamesystem: Roll Edit Log from 83.212.74.139
2020-02-25 20:26:17,617 INFO org.apache.hadoop.hdfs.server.namenode.FSEditLog: Rolling edit logs
2020-02-25 20:26:17,617 INFO org.apache.hadoop.hdfs.server.namenode.FSEditLog: Ending log segment 3
2020-02-25 20:26:17,617 INFO org.apache.hadoop.hdfs.server.namenode.FSEditLog: Number of transactions: 141 Total time for transactions(ms): 28 Number of transactions batched in Syncs: 1 Number of syncs: 67 SyncTimes(ms): 567 
2020-02-25 20:26:17,619 INFO org.apache.hadoop.hdfs.server.namenode.FSEditLog: Number of transactions: 141 Total time for transactions(ms): 28 Number of transactions batched in Syncs: 1 Number of syncs: 68 SyncTimes(ms): 569 
2020-02-25 20:26:17,620 INFO org.apache.hadoop.hdfs.server.namenode.FileJournalManager: Finalizing edits file /home/user/hdfsname/current/edits_inprogress_0000000000000000003 -> /home/user/hdfsname/current/edits_0000000000000000003-0000000000000000143
2020-02-25 20:26:17,621 INFO org.apache.hadoop.hdfs.server.namenode.FSEditLog: Starting log segment at 144
2020-02-25 20:26:17,846 INFO org.apache.hadoop.hdfs.server.namenode.TransferFsImage: Transfer took 0.01s at 200.00 KB/s
2020-02-25 20:26:17,846 INFO org.apache.hadoop.hdfs.server.namenode.TransferFsImage: Downloaded file fsimage.ckpt_0000000000000000143 size 1621 bytes.
2020-02-25 20:26:17,853 INFO org.apache.hadoop.hdfs.server.namenode.NNStorageRetentionManager: Going to retain 2 images with txid >= 2
2020-02-25 20:26:17,854 INFO org.apache.hadoop.hdfs.server.namenode.NNStorageRetentionManager: Purging old image FSImageFile(file=/home/user/hdfsname/current/fsimage_0000000000000000000, cpktTxId=0000000000000000000)
2020-02-25 20:28:37,684 INFO logs: Aliases are enabled
2020-02-25 20:28:40,870 INFO BlockStateChange: BLOCK* processReport 0x6b024256ada: from storage DS-1867ae41-7cb9-4051-a96c-ca27be71fb56 node DatanodeRegistration(192.168.0.2:50010, datanodeUuid=bad3e622-a729-4fc9-a4de-fe3ebf8d0ab4, infoPort=50075, infoSecurePort=0, ipcPort=50020, storageInfo=lv=-56;cid=CID-212bc1d3-8f46-48c3-8bef-0b532b514482;nsid=1728871112;c=0), blocks: 32, hasStaleStorage: false, processing time: 3 msecs
